"C:/Users/grego/Documents/Unreal Projects/VGPFinal/Content/Widget_Graphics/Health_Bar.uasset" 0
"C:/Users/grego/Documents/Unreal Projects/VGPFinal/Content/Widget_Graphics/Health_Bar.uexp" 1
"C:/Users/grego/Documents/Unreal Projects/VGPFinal/Content/Blueprints/HUD.uasset" 2
"C:/Users/grego/Documents/Unreal Projects/VGPFinal/Content/Blueprints/HUD.uexp" 3
"C:/Users/grego/Documents/Unreal Projects/VGPFinal/Content/Blueprints/AnimationState.uasset" 4
"C:/Users/grego/Documents/Unreal Projects/VGPFinal/Content/Blueprints/AnimationState.uexp" 5
"../../../Engine/Plugins/2D/Paper2D/Content/PlaceholderTextures/DummySpriteTexture.uasset" 6
"../../../Engine/Plugins/2D/Paper2D/Content/PlaceholderTextures/DummySpriteTexture.uexp" 7
"../../../Engine/Plugins/2D/Paper2D/Content/PlaceholderTextures/DummySpriteTexture.ubulk" 8
"../../../Engine/Plugins/2D/Paper2D/Content/DefaultSpriteMaterial.uasset" 9
"../../../Engine/Plugins/2D/Paper2D/Content/DefaultSpriteMaterial.uexp" 10
"../../../Engine/Plugins/2D/Paper2D/Content/TranslucentUnlitSpriteMaterial.uasset" 11
"../../../Engine/Plugins/2D/Paper2D/Content/TranslucentUnlitSpriteMaterial.uexp" 12
"C:/Users/grego/Documents/Unreal Projects/VGPFinal/Content/Character/Player_Character_Sprite_Sheet.uasset" 13
"C:/Users/grego/Documents/Unreal Projects/VGPFinal/Content/Character/Player_Character_Sprite_Sheet.uexp" 14
"C:/Users/grego/Documents/Unreal Projects/VGPFinal/Content/Character/Player_Character_Sprite_9.uasset" 15
"C:/Users/grego/Documents/Unreal Projects/VGPFinal/Content/Character/Player_Character_Sprite_9.uexp" 16
"C:/Users/grego/Documents/Unreal Projects/VGPFinal/Content/Character/Player_Character_Sprite_8.uasset" 17
"C:/Users/grego/Documents/Unreal Projects/VGPFinal/Content/Character/Player_Character_Sprite_8.uexp" 18
"C:/Users/grego/Documents/Unreal Projects/VGPFinal/Content/Character/Player_Character_Sprite_15.uasset" 19
"C:/Users/grego/Documents/Unreal Projects/VGPFinal/Content/Character/Player_Character_Sprite_15.uexp" 20
"C:/Users/grego/Documents/Unreal Projects/VGPFinal/Content/Character/Player_Character_Sprite_14.uasset" 21
"C:/Users/grego/Documents/Unreal Projects/VGPFinal/Content/Character/Player_Character_Sprite_14.uexp" 22
"C:/Users/grego/Documents/Unreal Projects/VGPFinal/Content/Character/Player_Character_Sprite_13.uasset" 23
"C:/Users/grego/Documents/Unreal Projects/VGPFinal/Content/Character/Player_Character_Sprite_13.uexp" 24
"C:/Users/grego/Documents/Unreal Projects/VGPFinal/Content/Character/Player_Character_Sprite_12.uasset" 25
"C:/Users/grego/Documents/Unreal Projects/VGPFinal/Content/Character/Player_Character_Sprite_12.uexp" 26
"C:/Users/grego/Documents/Unreal Projects/VGPFinal/Content/Character/Player_Character_Sprite_11.uasset" 27
"C:/Users/grego/Documents/Unreal Projects/VGPFinal/Content/Character/Player_Character_Sprite_11.uexp" 28
"C:/Users/grego/Documents/Unreal Projects/VGPFinal/Content/Character/Player_Character_Sprite_10.uasset" 29
"C:/Users/grego/Documents/Unreal Projects/VGPFinal/Content/Character/Player_Character_Sprite_10.uexp" 30
"C:/Users/grego/Documents/Unreal Projects/VGPFinal/Content/Character/RunCycle.uasset" 31
"C:/Users/grego/Documents/Unreal Projects/VGPFinal/Content/Character/RunCycle.uexp" 32
"C:/Users/grego/Documents/Unreal Projects/VGPFinal/Content/Character/Player_Character_Sprite_6.uasset" 33
"C:/Users/grego/Documents/Unreal Projects/VGPFinal/Content/Character/Player_Character_Sprite_6.uexp" 34
"C:/Users/grego/Documents/Unreal Projects/VGPFinal/Content/Character/Jump.uasset" 35
"C:/Users/grego/Documents/Unreal Projects/VGPFinal/Content/Character/Jump.uexp" 36
"C:/Users/grego/Documents/Unreal Projects/VGPFinal/Content/Character/Player_Character_Sprite_5.uasset" 37
"C:/Users/grego/Documents/Unreal Projects/VGPFinal/Content/Character/Player_Character_Sprite_5.uexp" 38
"C:/Users/grego/Documents/Unreal Projects/VGPFinal/Content/Character/Player_Character_Sprite_4.uasset" 39
"C:/Users/grego/Documents/Unreal Projects/VGPFinal/Content/Character/Player_Character_Sprite_4.uexp" 40
"C:/Users/grego/Documents/Unreal Projects/VGPFinal/Content/Character/Player_Character_Sprite_3.uasset" 41
"C:/Users/grego/Documents/Unreal Projects/VGPFinal/Content/Character/Player_Character_Sprite_3.uexp" 42
"C:/Users/grego/Documents/Unreal Projects/VGPFinal/Content/Character/Player_Character_Sprite_2.uasset" 43
"C:/Users/grego/Documents/Unreal Projects/VGPFinal/Content/Character/Player_Character_Sprite_2.uexp" 44
"C:/Users/grego/Documents/Unreal Projects/VGPFinal/Content/Character/Player_Character_Sprite_1.uasset" 45
"C:/Users/grego/Documents/Unreal Projects/VGPFinal/Content/Character/Player_Character_Sprite_1.uexp" 46
"C:/Users/grego/Documents/Unreal Projects/VGPFinal/Content/Character/Player_Character_Sprite_0.uasset" 47
"C:/Users/grego/Documents/Unreal Projects/VGPFinal/Content/Character/Player_Character_Sprite_0.uexp" 48
"C:/Users/grego/Documents/Unreal Projects/VGPFinal/Content/Character/Idle.uasset" 49
"C:/Users/grego/Documents/Unreal Projects/VGPFinal/Content/Character/Idle.uexp" 50
"C:/Users/grego/Documents/Unreal Projects/VGPFinal/Content/Character/Player_Character_Sprite_7.uasset" 51
"C:/Users/grego/Documents/Unreal Projects/VGPFinal/Content/Character/Player_Character_Sprite_7.uexp" 52
"C:/Users/grego/Documents/Unreal Projects/VGPFinal/Content/Character/Fall.uasset" 53
"C:/Users/grego/Documents/Unreal Projects/VGPFinal/Content/Character/Fall.uexp" 54
"C:/Users/grego/Documents/Unreal Projects/VGPFinal/Content/Widget_Graphics/Buttons_Sprite_Sheet.uasset" 55
"C:/Users/grego/Documents/Unreal Projects/VGPFinal/Content/Widget_Graphics/Buttons_Sprite_Sheet.uexp" 56
"C:/Users/grego/Documents/Unreal Projects/VGPFinal/Content/Widget_Graphics/Quit_Button_Selected.uasset" 57
"C:/Users/grego/Documents/Unreal Projects/VGPFinal/Content/Widget_Graphics/Quit_Button_Selected.uexp" 58
"C:/Users/grego/Documents/Unreal Projects/VGPFinal/Content/Widget_Graphics/Quit_Button_Neutral.uasset" 59
"C:/Users/grego/Documents/Unreal Projects/VGPFinal/Content/Widget_Graphics/Quit_Button_Neutral.uexp" 60
"C:/Users/grego/Documents/Unreal Projects/VGPFinal/Content/Widget_Graphics/Quit_Button_Hovered.uasset" 61
"C:/Users/grego/Documents/Unreal Projects/VGPFinal/Content/Widget_Graphics/Quit_Button_Hovered.uexp" 62
"C:/Users/grego/Documents/Unreal Projects/VGPFinal/Content/Widget_Graphics/Main_Menu_Button_Selected.uasset" 63
"C:/Users/grego/Documents/Unreal Projects/VGPFinal/Content/Widget_Graphics/Main_Menu_Button_Selected.uexp" 64
"C:/Users/grego/Documents/Unreal Projects/VGPFinal/Content/Widget_Graphics/Main_Menu_Button_Neutral.uasset" 65
"C:/Users/grego/Documents/Unreal Projects/VGPFinal/Content/Widget_Graphics/Main_Menu_Button_Neutral.uexp" 66
"C:/Users/grego/Documents/Unreal Projects/VGPFinal/Content/Widget_Graphics/Main_Menu_Button_Hovered.uasset" 67
"C:/Users/grego/Documents/Unreal Projects/VGPFinal/Content/Widget_Graphics/Main_Menu_Button_Hovered.uexp" 68
"C:/Users/grego/Documents/Unreal Projects/VGPFinal/Content/Widget_Graphics/You_Lose_Screen.uasset" 69
"C:/Users/grego/Documents/Unreal Projects/VGPFinal/Content/Widget_Graphics/You_Lose_Screen.uexp" 70
"C:/Users/grego/Documents/Unreal Projects/VGPFinal/Content/Widget_Graphics/Replay_Button_Selected.uasset" 71
"C:/Users/grego/Documents/Unreal Projects/VGPFinal/Content/Widget_Graphics/Replay_Button_Selected.uexp" 72
"C:/Users/grego/Documents/Unreal Projects/VGPFinal/Content/Widget_Graphics/Replay_Button_Neutral.uasset" 73
"C:/Users/grego/Documents/Unreal Projects/VGPFinal/Content/Widget_Graphics/Replay_Button_Neutral.uexp" 74
"C:/Users/grego/Documents/Unreal Projects/VGPFinal/Content/Widget_Graphics/Replay_Button_Hovered.uasset" 75
"C:/Users/grego/Documents/Unreal Projects/VGPFinal/Content/Widget_Graphics/Replay_Button_Hovered.uexp" 76
"C:/Users/grego/Documents/Unreal Projects/VGPFinal/Content/Blueprints/YouLoseScreen.uasset" 77
"C:/Users/grego/Documents/Unreal Projects/VGPFinal/Content/Blueprints/YouLoseScreen.uexp" 78
"../../../Engine/Content/EditorBlueprintResources/StandardMacros.uasset" 79
"../../../Engine/Content/EditorBlueprintResources/StandardMacros.uexp" 80
"C:/Users/grego/Documents/Unreal Projects/VGPFinal/Content/Blueprints/OurPlayerCharacter.uasset" 81
"C:/Users/grego/Documents/Unreal Projects/VGPFinal/Content/Blueprints/OurPlayerCharacter.uexp" 82
"C:/Users/grego/Documents/Unreal Projects/VGPFinal/Content/Actor_Graphics/End_Of_Level_Icons_Sprite_Sheet.uasset" 83
"C:/Users/grego/Documents/Unreal Projects/VGPFinal/Content/Actor_Graphics/End_Of_Level_Icons_Sprite_Sheet.uexp" 84
"C:/Users/grego/Documents/Unreal Projects/VGPFinal/Content/Actor_Graphics/NextLevel_Sprite.uasset" 85
"C:/Users/grego/Documents/Unreal Projects/VGPFinal/Content/Actor_Graphics/NextLevel_Sprite.uexp" 86
"C:/Users/grego/Documents/Unreal Projects/VGPFinal/Content/Blueprints/NextLevel1To2.uasset" 87
"C:/Users/grego/Documents/Unreal Projects/VGPFinal/Content/Blueprints/NextLevel1To2.uexp" 88
"C:/Users/grego/Documents/Unreal Projects/VGPFinal/Content/Actor_Graphics/Damages1_Sprite_Sheet.uasset" 89
"C:/Users/grego/Documents/Unreal Projects/VGPFinal/Content/Actor_Graphics/Damages1_Sprite_Sheet.uexp" 90
"C:/Users/grego/Documents/Unreal Projects/VGPFinal/Content/Actor_Graphics/EnemyType1_Damage_Sprite.uasset" 91
"C:/Users/grego/Documents/Unreal Projects/VGPFinal/Content/Actor_Graphics/EnemyType1_Damage_Sprite.uexp" 92
"C:/Users/grego/Documents/Unreal Projects/VGPFinal/Content/Blueprints/Damages_Blueprints/HealthDrop_Strata_Instakill.uasset" 93
"C:/Users/grego/Documents/Unreal Projects/VGPFinal/Content/Blueprints/Damages_Blueprints/HealthDrop_Strata_Instakill.uexp" 94
"C:/Users/grego/Documents/Unreal Projects/VGPFinal/Content/Character/Player_Character_Sprite_16.uasset" 95
"C:/Users/grego/Documents/Unreal Projects/VGPFinal/Content/Character/Player_Character_Sprite_16.uexp" 96
"C:/Users/grego/Documents/Unreal Projects/VGPFinal/Content/Levels/LevelFourContents/Clear_Sky_Background.uasset" 97
"C:/Users/grego/Documents/Unreal Projects/VGPFinal/Content/Levels/LevelFourContents/Clear_Sky_Background.uexp" 98
"C:/Users/grego/Documents/Unreal Projects/VGPFinal/Content/Actor_Graphics/Damages3_Sprite_Sheet.uasset" 99
"C:/Users/grego/Documents/Unreal Projects/VGPFinal/Content/Actor_Graphics/Damages3_Sprite_Sheet.uexp" 100
"C:/Users/grego/Documents/Unreal Projects/VGPFinal/Content/Actor_Graphics/Lightning_Damage_Sprite.uasset" 101
"C:/Users/grego/Documents/Unreal Projects/VGPFinal/Content/Actor_Graphics/Lightning_Damage_Sprite.uexp" 102
"C:/Users/grego/Documents/Unreal Projects/VGPFinal/Content/Blueprints/Damages_Blueprints/HealthDrop_Lightning.uasset" 103
"C:/Users/grego/Documents/Unreal Projects/VGPFinal/Content/Blueprints/Damages_Blueprints/HealthDrop_Lightning.uexp" 104
"C:/Users/grego/Documents/Unreal Projects/VGPFinal/Content/Levels/LevelFourContents/LevelFourSequence1.uasset" 105
"C:/Users/grego/Documents/Unreal Projects/VGPFinal/Content/Levels/LevelFourContents/LevelFourSequence1.uexp" 106
"C:/Users/grego/Documents/Unreal Projects/VGPFinal/Content/Actor_Graphics/Final_Boss_Sprite_Sheet.uasset" 107
"C:/Users/grego/Documents/Unreal Projects/VGPFinal/Content/Actor_Graphics/Final_Boss_Sprite_Sheet.uexp" 108
"C:/Users/grego/Documents/Unreal Projects/VGPFinal/Content/Actor_Graphics/Final_Boss_Damage_Sprite.uasset" 109
"C:/Users/grego/Documents/Unreal Projects/VGPFinal/Content/Actor_Graphics/Final_Boss_Damage_Sprite.uexp" 110
"C:/Users/grego/Documents/Unreal Projects/VGPFinal/Content/Blueprints/Damages_Blueprints/HealthDrop_Fujita_Instakill.uasset" 111
"C:/Users/grego/Documents/Unreal Projects/VGPFinal/Content/Blueprints/Damages_Blueprints/HealthDrop_Fujita_Instakill.uexp" 112
"C:/Users/grego/Documents/Unreal Projects/VGPFinal/Content/Levels/LevelFourContents/LevelFourSequence2.uasset" 113
"C:/Users/grego/Documents/Unreal Projects/VGPFinal/Content/Levels/LevelFourContents/LevelFourSequence2.uexp" 114
"C:/Users/grego/Documents/Unreal Projects/VGPFinal/Content/Levels/LevelFourContents/Platforms1_Sprite_Sheet.uasset" 115
"C:/Users/grego/Documents/Unreal Projects/VGPFinal/Content/Levels/LevelFourContents/Platforms1_Sprite_Sheet.uexp" 116
"C:/Users/grego/Documents/Unreal Projects/VGPFinal/Content/Levels/LevelFourContents/Platforms2_Sprite_Sheet.uasset" 117
"C:/Users/grego/Documents/Unreal Projects/VGPFinal/Content/Levels/LevelFourContents/Platforms2_Sprite_Sheet.uexp" 118
"C:/Users/grego/Documents/Unreal Projects/VGPFinal/Content/Levels/LevelFourContents/Platforms3_Sprite_Sheet.uasset" 119
"C:/Users/grego/Documents/Unreal Projects/VGPFinal/Content/Levels/LevelFourContents/Platforms3_Sprite_Sheet.uexp" 120
"C:/Users/grego/Documents/Unreal Projects/VGPFinal/Content/Levels/LevelFourContents/Rainy_Background.uasset" 121
"C:/Users/grego/Documents/Unreal Projects/VGPFinal/Content/Levels/LevelFourContents/Rainy_Background.uexp" 122
"C:/Users/grego/Documents/Unreal Projects/VGPFinal/Content/Actor_Graphics/Ice_Crystal_Damage_Sprite.uasset" 123
"C:/Users/grego/Documents/Unreal Projects/VGPFinal/Content/Actor_Graphics/Ice_Crystal_Damage_Sprite.uexp" 124
"C:/Users/grego/Documents/Unreal Projects/VGPFinal/Content/Blueprints/Damages_Blueprints/HealthDrop_Ice_Crystal_Stay.uasset" 125
"C:/Users/grego/Documents/Unreal Projects/VGPFinal/Content/Blueprints/Damages_Blueprints/HealthDrop_Ice_Crystal_Stay.uexp" 126
"C:/Users/grego/Documents/Unreal Projects/VGPFinal/Content/Levels/LevelOneContents/LevelOneSequence.uasset" 127
"C:/Users/grego/Documents/Unreal Projects/VGPFinal/Content/Levels/LevelOneContents/LevelOneSequence.uexp" 128
"C:/Users/grego/Documents/Unreal Projects/VGPFinal/Content/Levels/LevelOneContents/Platforms2_Sprite_Sheet.uasset" 129
"C:/Users/grego/Documents/Unreal Projects/VGPFinal/Content/Levels/LevelOneContents/Platforms2_Sprite_Sheet.uexp" 130
"C:/Users/grego/Documents/Unreal Projects/VGPFinal/Content/Levels/LevelOneContents/Platforms2_TileSet.uasset" 131
"C:/Users/grego/Documents/Unreal Projects/VGPFinal/Content/Levels/LevelOneContents/Platforms2_TileSet.uexp" 132
"C:/Users/grego/Documents/Unreal Projects/VGPFinal/Content/Levels/LevelOneContents/Platforms3_Sprite_Sheet.uasset" 133
"C:/Users/grego/Documents/Unreal Projects/VGPFinal/Content/Levels/LevelOneContents/Platforms3_Sprite_Sheet.uexp" 134
"C:/Users/grego/Documents/Unreal Projects/VGPFinal/Content/Levels/LevelOneContents/Platforms3_TileSet.uasset" 135
"C:/Users/grego/Documents/Unreal Projects/VGPFinal/Content/Levels/LevelOneContents/Platforms3_TileSet.uexp" 136
"C:/Users/grego/Documents/Unreal Projects/VGPFinal/Content/Actor_Graphics/Damages2_Sprite_Sheet.uasset" 137
"C:/Users/grego/Documents/Unreal Projects/VGPFinal/Content/Actor_Graphics/Damages2_Sprite_Sheet.uexp" 138
"C:/Users/grego/Documents/Unreal Projects/VGPFinal/Content/Actor_Graphics/EnemyType2_Damage_Sprite.uasset" 139
"C:/Users/grego/Documents/Unreal Projects/VGPFinal/Content/Actor_Graphics/EnemyType2_Damage_Sprite.uexp" 140
"C:/Users/grego/Documents/Unreal Projects/VGPFinal/Content/Blueprints/Damages_Blueprints/HealthDrop_Nimbo_Stay.uasset" 141
"C:/Users/grego/Documents/Unreal Projects/VGPFinal/Content/Blueprints/Damages_Blueprints/HealthDrop_Nimbo_Stay.uexp" 142
"C:/Users/grego/Documents/Unreal Projects/VGPFinal/Content/Levels/LevelThreeContents/LevelThreeSequence1.uasset" 143
"C:/Users/grego/Documents/Unreal Projects/VGPFinal/Content/Levels/LevelThreeContents/LevelThreeSequence1.uexp" 144
"C:/Users/grego/Documents/Unreal Projects/VGPFinal/Content/Actor_Graphics/Rain_Damage_Sprite.uasset" 145
"C:/Users/grego/Documents/Unreal Projects/VGPFinal/Content/Actor_Graphics/Rain_Damage_Sprite.uexp" 146
"C:/Users/grego/Documents/Unreal Projects/VGPFinal/Content/Blueprints/Damages_Blueprints/HealthDrop_Rain.uasset" 147
"C:/Users/grego/Documents/Unreal Projects/VGPFinal/Content/Blueprints/Damages_Blueprints/HealthDrop_Rain.uexp" 148
"C:/Users/grego/Documents/Unreal Projects/VGPFinal/Content/Levels/LevelThreeContents/LevelThreeSequence2.uasset" 149
"C:/Users/grego/Documents/Unreal Projects/VGPFinal/Content/Levels/LevelThreeContents/LevelThreeSequence2.uexp" 150
"C:/Users/grego/Documents/Unreal Projects/VGPFinal/Content/Levels/LevelThreeContents/Platforms1_Sprite_Sheet.uasset" 151
"C:/Users/grego/Documents/Unreal Projects/VGPFinal/Content/Levels/LevelThreeContents/Platforms1_Sprite_Sheet.uexp" 152
"C:/Users/grego/Documents/Unreal Projects/VGPFinal/Content/Levels/LevelThreeContents/Platforms1_TileSet.uasset" 153
"C:/Users/grego/Documents/Unreal Projects/VGPFinal/Content/Levels/LevelThreeContents/Platforms1_TileSet.uexp" 154
"C:/Users/grego/Documents/Unreal Projects/VGPFinal/Content/Levels/LevelTwoContents/LevelTwoSequence1.uasset" 155
"C:/Users/grego/Documents/Unreal Projects/VGPFinal/Content/Levels/LevelTwoContents/LevelTwoSequence1.uexp" 156
"C:/Users/grego/Documents/Unreal Projects/VGPFinal/Content/Blueprints/Damages_Blueprints/HealthDrop_Strata_Stay.uasset" 157
"C:/Users/grego/Documents/Unreal Projects/VGPFinal/Content/Blueprints/Damages_Blueprints/HealthDrop_Strata_Stay.uexp" 158
"C:/Users/grego/Documents/Unreal Projects/VGPFinal/Content/Levels/LevelTwoContents/LevelTwoSequence2.uasset" 159
"C:/Users/grego/Documents/Unreal Projects/VGPFinal/Content/Levels/LevelTwoContents/LevelTwoSequence2.uexp" 160
"C:/Users/grego/Documents/Unreal Projects/VGPFinal/Content/Levels/LevelTwoContents/LevelTwoSequence3.uasset" 161
"C:/Users/grego/Documents/Unreal Projects/VGPFinal/Content/Levels/LevelTwoContents/LevelTwoSequence3.uexp" 162
"C:/Users/grego/Documents/Unreal Projects/VGPFinal/Content/Widget_Graphics/Thumbnail.uasset" 163
"C:/Users/grego/Documents/Unreal Projects/VGPFinal/Content/Widget_Graphics/Thumbnail.uexp" 164
"../../../Engine/Content/EngineMaterials/T_Default_Material_Grid_N.uasset" 165
"../../../Engine/Content/EngineMaterials/T_Default_Material_Grid_N.uexp" 166
"../../../Engine/Content/EngineMaterials/T_Default_Material_Grid_N.ubulk" 167
"../../../Engine/Content/EngineMaterials/T_Default_Material_Grid_M.uasset" 168
"../../../Engine/Content/EngineMaterials/T_Default_Material_Grid_M.uexp" 169
"../../../Engine/Content/EngineMaterials/T_Default_Material_Grid_M.ubulk" 170
"../../../Engine/Content/Functions/Engine_MaterialFunctions01/Opacity/CameraDepthFade.uasset" 171
"../../../Engine/Content/Functions/Engine_MaterialFunctions01/Opacity/CameraDepthFade.uexp" 172
"../../../Engine/Content/EngineMaterials/WorldGridMaterial.uasset" 173
"../../../Engine/Content/EngineMaterials/WorldGridMaterial.uexp" 174
"../../../Engine/Content/ArtTools/RenderToTexture/Meshes/S_1_Unit_Plane.uasset" 175
"../../../Engine/Content/ArtTools/RenderToTexture/Meshes/S_1_Unit_Plane.uexp" 176
"../../../Engine/Content/EngineMaterials/DefaultMaterial.uasset" 177
"../../../Engine/Content/EngineMaterials/DefaultMaterial.uexp" 178
"../../../Engine/Content/BasicShapes/Cone.uasset" 179
"../../../Engine/Content/BasicShapes/Cone.uexp" 180
"../../../Engine/Content/BasicShapes/Cube.uasset" 181
"../../../Engine/Content/BasicShapes/Cube.uexp" 182
"../../../Engine/Content/BasicShapes/Plane.uasset" 183
"../../../Engine/Content/BasicShapes/Plane.uexp" 184
"../../../Engine/Content/BasicShapes/Sphere.uasset" 185
"../../../Engine/Content/BasicShapes/Sphere.uexp" 186
"../../../Engine/Content/EditorLandscapeResources/DataLayer.uasset" 187
"../../../Engine/Content/EditorLandscapeResources/DataLayer.uexp" 188
"../../../Engine/Content/EditorLandscapeResources/DefaultAlphaTexture.uasset" 189
"../../../Engine/Content/EditorLandscapeResources/DefaultAlphaTexture.uexp" 190
"../../../Engine/Content/EditorMaterials/MAT_Groups_Toggle.uasset" 191
"../../../Engine/Content/EditorMaterials/MAT_Groups_Toggle.uexp" 192
"../../../Engine/Content/EditorMaterials/MAT_Groups_Visibility.uasset" 193
"../../../Engine/Content/EditorMaterials/MAT_Groups_Visibility.uexp" 194
"../../../Engine/Content/EditorMaterials/PreviewShadowIndicator.uasset" 195
"../../../Engine/Content/EditorMaterials/PreviewShadowIndicator.uexp" 196
"../../../Engine/Content/EditorMaterials/PreviewShadowIndicator.ubulk" 197
"../../../Engine/Content/EditorMaterials/PreviewShadowIndicatorMaterial.uasset" 198
"../../../Engine/Content/EditorMaterials/PreviewShadowIndicatorMaterial.uexp" 199
"../../../Engine/Content/EditorMaterials/MatineeGroups/MAT_ColorTrack.uasset" 200
"../../../Engine/Content/EditorMaterials/MatineeGroups/MAT_ColorTrack.uexp" 201
"../../../Engine/Content/EditorMaterials/MatineeGroups/MAT_Groups_Anim.uasset" 202
"../../../Engine/Content/EditorMaterials/MatineeGroups/MAT_Groups_Anim.uexp" 203
"../../../Engine/Content/EditorMaterials/MatineeGroups/MAT_Groups_AudioMaster.uasset" 204
"../../../Engine/Content/EditorMaterials/MatineeGroups/MAT_Groups_AudioMaster.uexp" 205
"../../../Engine/Content/EditorMaterials/MatineeGroups/MAT_Groups_Director.uasset" 206
"../../../Engine/Content/EditorMaterials/MatineeGroups/MAT_Groups_Director.uexp" 207
"../../../Engine/Content/EditorMaterials/MatineeGroups/MAT_Groups_Event.uasset" 208
"../../../Engine/Content/EditorMaterials/MatineeGroups/MAT_Groups_Event.uexp" 209
"../../../Engine/Content/EditorMaterials/MatineeGroups/MAT_Groups_Fade.uasset" 210
"../../../Engine/Content/EditorMaterials/MatineeGroups/MAT_Groups_Fade.uexp" 211
"../../../Engine/Content/EditorMaterials/MatineeGroups/MAT_Groups_Float.uasset" 212
"../../../Engine/Content/EditorMaterials/MatineeGroups/MAT_Groups_Float.uexp" 213
"../../../Engine/Content/EditorMaterials/MatineeGroups/MAT_Groups_Move.uasset" 214
"../../../Engine/Content/EditorMaterials/MatineeGroups/MAT_Groups_Move.uexp" 215
"../../../Engine/Content/EditorMaterials/MatineeGroups/MAT_Groups_Slomo.uasset" 216
"../../../Engine/Content/EditorMaterials/MatineeGroups/MAT_Groups_Slomo.uexp" 217
"../../../Engine/Content/EditorMaterials/MatineeGroups/MAT_Groups_Sound.uasset" 218
"../../../Engine/Content/EditorMaterials/MatineeGroups/MAT_Groups_Sound.uexp" 219
"../../../Engine/Content/EditorMaterials/MatineeGroups/MAT_Groups_Vector.uasset" 220
"../../../Engine/Content/EditorMaterials/MatineeGroups/MAT_Groups_Vector.uexp" 221
"../../../Engine/Content/EditorMaterials/ParticleSystems/PSysThumbnail_NoImage.uasset" 222
"../../../Engine/Content/EditorMaterials/ParticleSystems/PSysThumbnail_NoImage.uexp" 223
"../../../Engine/Content/EditorMaterials/ParticleSystems/PSysThumbnail_NoImage.ubulk" 224
"../../../Engine/Content/EditorMaterials/ParticleSystems/PSysThumbnail_OOD.uasset" 225
"../../../Engine/Content/EditorMaterials/ParticleSystems/PSysThumbnail_OOD.uexp" 226
"../../../Engine/Content/EditorMaterials/ParticleSystems/PSysThumbnail_OOD.ubulk" 227
"../../../Engine/Content/EditorMaterials/Camera/CineMat.uasset" 228
"../../../Engine/Content/EditorMaterials/Camera/CineMat.uexp" 229
"../../../Engine/Content/EditorMaterials/Camera/MI_CineMat_Rig.uasset" 230
"../../../Engine/Content/EditorMaterials/Camera/MI_CineMat_Rig.uexp" 231
"../../../Engine/Content/EditorMeshes/Camera/SM_CraneRig_Arm.uasset" 232
"../../../Engine/Content/EditorMeshes/Camera/SM_CraneRig_Arm.uexp" 233
"../../../Engine/Content/EditorMeshes/Camera/SM_CraneRig_Base.uasset" 234
"../../../Engine/Content/EditorMeshes/Camera/SM_CraneRig_Base.uexp" 235
"../../../Engine/Content/EditorMeshes/Camera/SM_CraneRig_Body.uasset" 236
"../../../Engine/Content/EditorMeshes/Camera/SM_CraneRig_Body.uexp" 237
"../../../Engine/Content/EditorMeshes/Camera/SM_CraneRig_Mount.uasset" 238
"../../../Engine/Content/EditorMeshes/Camera/SM_CraneRig_Mount.uexp" 239
"../../../Engine/Content/EditorMeshes/Camera/SM_RailRig_Mount.uasset" 240
"../../../Engine/Content/EditorMeshes/Camera/SM_RailRig_Mount.uexp" 241
"../../../Engine/Content/EditorMeshes/Camera/SM_RailRig_Track.uasset" 242
"../../../Engine/Content/EditorMeshes/Camera/SM_RailRig_Track.uexp" 243
"../../../Engine/Content/EditorResources/BSPVertex.uasset" 244
"../../../Engine/Content/EditorResources/BSPVertex.uexp" 245
"../../../Engine/Content/EditorResources/EmptyActor.uasset" 246
"../../../Engine/Content/EditorResources/EmptyActor.uexp" 247
"../../../Engine/Content/EditorResources/S_Actor.uasset" 248
"../../../Engine/Content/EditorResources/S_Actor.uexp" 249
"../../../Engine/Content/EditorResources/S_Actor.ubulk" 250
"../../../Engine/Content/EditorResources/S_Note.uasset" 251
"../../../Engine/Content/EditorResources/S_Note.uexp" 252
"../../../Engine/Content/EditorResources/S_Note.ubulk" 253
"../../../Engine/Content/EditorResources/S_Solver.uasset" 254
"../../../Engine/Content/EditorResources/S_Solver.uexp" 255
"../../../Engine/Content/EditorResources/S_Solver.ubulk" 256
"../../../Engine/Content/EditorResources/S_Terrain.uasset" 257
"../../../Engine/Content/EditorResources/S_Terrain.uexp" 258
"../../../Engine/Content/EditorResources/S_Terrain.ubulk" 259
"../../../Engine/Content/EditorResources/S_Trigger.uasset" 260
"../../../Engine/Content/EditorResources/S_Trigger.uexp" 261
"../../../Engine/Content/EditorResources/S_Trigger.ubulk" 262
"../../../Engine/Content/EditorResources/SequenceRecorder/Countdown.uasset" 263
"../../../Engine/Content/EditorResources/SequenceRecorder/Countdown.uexp" 264
"../../../Engine/Content/EditorResources/SequenceRecorder/RecordingIndicator.uasset" 265
"../../../Engine/Content/EditorResources/SequenceRecorder/RecordingIndicator.uexp" 266
"../../../Engine/Content/EngineDamageTypes/DmgTypeBP_Environmental.uasset" 267
"../../../Engine/Content/EngineDamageTypes/DmgTypeBP_Environmental.uexp" 268
"../../../Engine/Content/EngineDebugMaterials/DebugEditorMaterial.uasset" 269
"../../../Engine/Content/EngineDebugMaterials/DebugEditorMaterial.uexp" 270
"../../../Engine/Content/EngineDebugMaterials/DebugMeshMaterial.uasset" 271
"../../../Engine/Content/EngineDebugMaterials/DebugMeshMaterial.uexp" 272
"../../../Engine/Content/EngineDebugMaterials/M_SimpleUnlitTranslucent.uasset" 273
"../../../Engine/Content/EngineDebugMaterials/M_SimpleUnlitTranslucent.uexp" 274
"../../../Engine/Content/EngineDebugMaterials/VolumeToRender.uasset" 275
"../../../Engine/Content/EngineDebugMaterials/VolumeToRender.uexp" 276
"../../../Engine/Content/Functions/Engine_MaterialFunctions02/Utility/CameraDirectionVector.uasset" 277
"../../../Engine/Content/Functions/Engine_MaterialFunctions02/Utility/CameraDirectionVector.uexp" 278
"../../../Engine/Content/EngineDebugMaterials/M_VolumeRenderSphereTracePP.uasset" 279
"../../../Engine/Content/EngineDebugMaterials/M_VolumeRenderSphereTracePP.uexp" 280
"../../../Engine/Content/Functions/Engine_MaterialFunctions01/Shading/ConvertFromDiffSpec.uasset" 281
"../../../Engine/Content/Functions/Engine_MaterialFunctions01/Shading/ConvertFromDiffSpec.uexp" 282
"../../../Engine/Content/EngineDebugMaterials/VertexColorMaterial.uasset" 283
"../../../Engine/Content/EngineDebugMaterials/VertexColorMaterial.uexp" 284
"../../../Engine/Content/EngineDebugMaterials/WireframeMaterial.uasset" 285
"../../../Engine/Content/EngineDebugMaterials/WireframeMaterial.uexp" 286
"../../../Engine/Content/EngineFonts/Faces/RobotoRegular.uasset" 287
"../../../Engine/Content/EngineFonts/Faces/RobotoRegular.uexp" 288
"../../../Engine/Content/EngineFonts/Faces/RobotoRegular.ufont" 289
"../../../Engine/Content/EngineFonts/Faces/RobotoLight.uasset" 290
"../../../Engine/Content/EngineFonts/Faces/RobotoLight.uexp" 291
"../../../Engine/Content/EngineFonts/Faces/RobotoLight.ufont" 292
"../../../Engine/Content/EngineFonts/Faces/RobotoItalic.uasset" 293
"../../../Engine/Content/EngineFonts/Faces/RobotoItalic.uexp" 294
"../../../Engine/Content/EngineFonts/Faces/RobotoItalic.ufont" 295
"../../../Engine/Content/EngineFonts/Faces/RobotoBoldItalic.uasset" 296
"../../../Engine/Content/EngineFonts/Faces/RobotoBoldItalic.uexp" 297
"../../../Engine/Content/EngineFonts/Faces/RobotoBoldItalic.ufont" 298
"../../../Engine/Content/EngineFonts/Faces/RobotoBold.uasset" 299
"../../../Engine/Content/EngineFonts/Faces/RobotoBold.uexp" 300
"../../../Engine/Content/EngineFonts/Faces/RobotoBold.ufont" 301
"../../../Engine/Content/EngineFonts/Faces/DroidSansFallback.uasset" 302
"../../../Engine/Content/EngineFonts/Faces/DroidSansFallback.uexp" 303
"../../../Engine/Content/EngineFonts/Faces/DroidSansFallback.ufont" 304
"../../../Engine/Content/EngineFonts/Roboto.uasset" 305
"../../../Engine/Content/EngineFonts/Roboto.uexp" 306
"../../../Engine/Content/EngineMaterials/BaseFlattenNormalMap.uasset" 307
"../../../Engine/Content/EngineMaterials/BaseFlattenNormalMap.uexp" 308
"../../../Engine/Content/EngineMaterials/BaseFlattenGrayscaleMap.uasset" 309
"../../../Engine/Content/EngineMaterials/BaseFlattenGrayscaleMap.uexp" 310
"../../../Engine/Content/EngineMaterials/BaseFlattenEmissiveMap.uasset" 311
"../../../Engine/Content/EngineMaterials/BaseFlattenEmissiveMap.uexp" 312
"../../../Engine/Content/EngineMaterials/BaseFlattenDiffuseMap.uasset" 313
"../../../Engine/Content/EngineMaterials/BaseFlattenDiffuseMap.uexp" 314
"../../../Engine/Content/EngineMaterials/BaseFlattenMaterial.uasset" 315
"../../../Engine/Content/EngineMaterials/BaseFlattenMaterial.uexp" 316
"../../../Engine/Content/EngineMaterials/BlueNoise.uasset" 317
"../../../Engine/Content/EngineMaterials/BlueNoise.uexp" 318
"../../../Engine/Content/EngineMaterials/DefaultBloomKernel.uasset" 319
"../../../Engine/Content/EngineMaterials/DefaultBloomKernel.uexp" 320
"../../../Engine/Content/EngineMaterials/DefaultBokeh.uasset" 321
"../../../Engine/Content/EngineMaterials/DefaultBokeh.uexp" 322
"../../../Engine/Content/EngineMaterials/DefaultDiffuse.uasset" 323
"../../../Engine/Content/EngineMaterials/DefaultDiffuse.uexp" 324
"../../../Engine/Content/EngineMaterials/DefaultDiffuse.ubulk" 325
"../../../Engine/Content/EngineMaterials/DefaultDeferredDecalMaterial.uasset" 326
"../../../Engine/Content/EngineMaterials/DefaultDeferredDecalMaterial.uexp" 327
"../../../Engine/Content/EngineMaterials/DefaultLightFunctionMaterial.uasset" 328
"../../../Engine/Content/EngineMaterials/DefaultLightFunctionMaterial.uexp" 329
"../../../Engine/Content/EngineMaterials/DefaultPhysicalMaterial.uasset" 330
"../../../Engine/Content/EngineMaterials/DefaultPhysicalMaterial.uexp" 331
"../../../Engine/Content/Functions/Engine_MaterialFunctions02/Utility/BreakOutFloat2Components.uasset" 332
"../../../Engine/Content/Functions/Engine_MaterialFunctions02/Utility/BreakOutFloat2Components.uexp" 333
"../../../Engine/Content/EngineMaterials/DefaultPostProcessMaterial.uasset" 334
"../../../Engine/Content/EngineMaterials/DefaultPostProcessMaterial.uexp" 335
"../../../Engine/Content/EngineFonts/RobotoDistanceField.uasset" 336
"../../../Engine/Content/EngineFonts/RobotoDistanceField.uexp" 337
"../../../Engine/Content/EngineMaterials/DefaultTextMaterialOpaque.uasset" 338
"../../../Engine/Content/EngineMaterials/DefaultTextMaterialOpaque.uexp" 339
"../../../Engine/Content/EngineMaterials/DefaultWhiteGrid.uasset" 340
"../../../Engine/Content/EngineMaterials/DefaultWhiteGrid.uexp" 341
"../../../Engine/Content/EngineMaterials/DefaultWhiteGrid.ubulk" 342
"../../../Engine/Content/EngineMaterials/DefaultWhiteGrid_Low.uasset" 343
"../../../Engine/Content/EngineMaterials/DefaultWhiteGrid_Low.uexp" 344
"../../../Engine/Content/EngineMaterials/EmissiveMeshMaterial.uasset" 345
"../../../Engine/Content/EngineMaterials/EmissiveMeshMaterial.uexp" 346
"../../../Engine/Content/EngineMaterials/GizmoMaterial.uasset" 347
"../../../Engine/Content/EngineMaterials/GizmoMaterial.uexp" 348
"../../../Engine/Content/EngineMaterials/Good64x64TilingNoiseHighFreq.uasset" 349
"../../../Engine/Content/EngineMaterials/Good64x64TilingNoiseHighFreq.uexp" 350
"../../../Engine/Content/EngineMaterials/MiniFont.uasset" 351
"../../../Engine/Content/EngineMaterials/MiniFont.uexp" 352
"../../../Engine/Content/EngineMaterials/InvalidLightmapSettings.uasset" 353
"../../../Engine/Content/EngineMaterials/InvalidLightmapSettings.uexp" 354
"../../../Engine/Content/EngineMaterials/InvalidLightmapSettings.ubulk" 355
"../../../Engine/Content/EngineMaterials/M_InvalidLightmapSettings.uasset" 356
"../../../Engine/Content/EngineMaterials/M_InvalidLightmapSettings.uexp" 357
"../../../Engine/Content/Functions/Engine_MaterialFunctions02/WorldPositionOffset/CameraOffset.uasset" 358
"../../../Engine/Content/Functions/Engine_MaterialFunctions02/WorldPositionOffset/CameraOffset.uexp" 359
"../../../Engine/Content/EngineMaterials/PhAT_JointLimitMaterial.uasset" 360
"../../../Engine/Content/EngineMaterials/PhAT_JointLimitMaterial.uexp" 361
"../../../Engine/Content/EngineMaterials/DefaultCalibrationColor.uasset" 362
"../../../Engine/Content/EngineMaterials/DefaultCalibrationColor.uexp" 363
"../../../Engine/Content/EngineMaterials/PPM_DefaultCalibrationColor.uasset" 364
"../../../Engine/Content/EngineMaterials/PPM_DefaultCalibrationColor.uexp" 365
"../../../Engine/Content/EngineMaterials/DefaultCalibrationGrayscale.uasset" 366
"../../../Engine/Content/EngineMaterials/DefaultCalibrationGrayscale.uexp" 367
"../../../Engine/Content/EngineMaterials/PPM_DefaultCalibrationGrayscale.uasset" 368
"../../../Engine/Content/EngineMaterials/PPM_DefaultCalibrationGrayscale.uexp" 369
"../../../Engine/Content/EngineMaterials/PreintegratedSkinBRDF.uasset" 370
"../../../Engine/Content/EngineMaterials/PreintegratedSkinBRDF.uexp" 371
"../../../Engine/Content/EngineMaterials/RemoveSurfaceMaterial.uasset" 372
"../../../Engine/Content/EngineMaterials/RemoveSurfaceMaterial.uexp" 373
"../../../Engine/Content/EngineMaterials/WeightMapPlaceholderTexture.uasset" 374
"../../../Engine/Content/EngineMaterials/WeightMapPlaceholderTexture.uexp" 375
"../../../Engine/Content/EngineResources/WhiteSquareTexture.uasset" 376
"../../../Engine/Content/EngineResources/WhiteSquareTexture.uexp" 377
"../../../Engine/Content/EngineMaterials/Widget3DPassThrough.uasset" 378
"../../../Engine/Content/EngineMaterials/Widget3DPassThrough.uexp" 379
"../../../Engine/Content/EngineMaterials/Widget3DPassThrough_Masked.uasset" 380
"../../../Engine/Content/EngineMaterials/Widget3DPassThrough_Masked.uexp" 381
"../../../Engine/Content/EngineMaterials/Widget3DPassThrough_Opaque.uasset" 382
"../../../Engine/Content/EngineMaterials/Widget3DPassThrough_Opaque.uexp" 383
"../../../Engine/Content/EngineMaterials/Widget3DPassThrough_Masked_OneSided.uasset" 384
"../../../Engine/Content/EngineMaterials/Widget3DPassThrough_Masked_OneSided.uexp" 385
"../../../Engine/Content/EngineMaterials/Widget3DPassThrough_Opaque_OneSided.uasset" 386
"../../../Engine/Content/EngineMaterials/Widget3DPassThrough_Opaque_OneSided.uexp" 387
"../../../Engine/Content/EngineMaterials/Widget3DPassThrough_Translucent.uasset" 388
"../../../Engine/Content/EngineMaterials/Widget3DPassThrough_Translucent.uexp" 389
"../../../Engine/Content/EngineMaterials/Widget3DPassThrough_Translucent_OneSided.uasset" 390
"../../../Engine/Content/EngineMaterials/Widget3DPassThrough_Translucent_OneSided.uexp" 391
"../../../Engine/Content/EngineMeshes/Cylinder.uasset" 392
"../../../Engine/Content/EngineMeshes/Cylinder.uexp" 393
"../../../Engine/Content/EngineMeshes/Sphere.uasset" 394
"../../../Engine/Content/EngineMeshes/Sphere.uexp" 395
"../../../Engine/Content/EngineResources/DefaultTexture.uasset" 396
"../../../Engine/Content/EngineResources/DefaultTexture.uexp" 397
"../../../Engine/Content/EngineResources/DefaultTexture.ubulk" 398
"../../../Engine/Content/EngineResources/DefaultTextureCube.uasset" 399
"../../../Engine/Content/EngineResources/DefaultTextureCube.uexp" 400
"../../../Engine/Content/EngineResources/DefaultVolumeTexture2D.uasset" 401
"../../../Engine/Content/EngineResources/DefaultVolumeTexture2D.uexp" 402
"../../../Engine/Content/EngineResources/DefaultVolumeTexture.uasset" 403
"../../../Engine/Content/EngineResources/DefaultVolumeTexture.uexp" 404
"../../../Engine/Content/EngineResources/GradientTexture0.uasset" 405
"../../../Engine/Content/EngineResources/GradientTexture0.uexp" 406
"../../../Engine/Content/EngineSky/VolumetricClouds/T_NoiseShape64.uasset" 407
"../../../Engine/Content/EngineSky/VolumetricClouds/T_NoiseShape64.uexp" 408
"../../../Engine/Content/EngineSky/VolumetricClouds/T_NoiseShape64.ubulk" 409
"../../../Engine/Content/EngineSky/VolumetricClouds/T_VolumeNoiseShape64.uasset" 410
"../../../Engine/Content/EngineSky/VolumetricClouds/T_VolumeNoiseShape64.uexp" 411
"../../../Engine/Content/EngineSky/VolumetricClouds/T_NoiseErosion.uasset" 412
"../../../Engine/Content/EngineSky/VolumetricClouds/T_NoiseErosion.uexp" 413
"../../../Engine/Content/EngineSky/VolumetricClouds/T_NoiseErosion.ubulk" 414
"../../../Engine/Content/EngineSky/VolumetricClouds/T_VolumeNoiseErosion32.uasset" 415
"../../../Engine/Content/EngineSky/VolumetricClouds/T_VolumeNoiseErosion32.uexp" 416
"../../../Engine/Content/EngineSky/VolumetricClouds/CloudWeatherTexture.uasset" 417
"../../../Engine/Content/EngineSky/VolumetricClouds/CloudWeatherTexture.uexp" 418
"../../../Engine/Content/EngineSky/VolumetricClouds/CloudGradientTexture.uasset" 419
"../../../Engine/Content/EngineSky/VolumetricClouds/CloudGradientTexture.uexp" 420
"../../../Engine/Content/Functions/Engine_MaterialFunctions02/Utility/MakeFloat2.uasset" 421
"../../../Engine/Content/Functions/Engine_MaterialFunctions02/Utility/MakeFloat2.uexp" 422
"../../../Engine/Content/EngineSky/VolumetricClouds/m_SimpleVolumetricCloud.uasset" 423
"../../../Engine/Content/EngineSky/VolumetricClouds/m_SimpleVolumetricCloud.uexp" 424
"../../../Engine/Content/EngineSky/VolumetricClouds/m_SimpleVolumetricCloud_Inst.uasset" 425
"../../../Engine/Content/EngineSky/VolumetricClouds/m_SimpleVolumetricCloud_Inst.uexp" 426
"../../../Engine/Content/EngineSounds/Master.uasset" 427
"../../../Engine/Content/EngineSounds/Master.uexp" 428
"../../../Engine/Content/Functions/Engine_MaterialFunctions01/Shading/PowerToRoughness.uasset" 429
"../../../Engine/Content/Functions/Engine_MaterialFunctions01/Shading/PowerToRoughness.uexp" 430
"../../../Engine/Content/Maps/Templates/Thumbnails/Default.uasset" 431
"../../../Engine/Content/Maps/Templates/Thumbnails/Default.uexp" 432
"../../../Engine/Content/Maps/Templates/Thumbnails/TimeOfDay.uasset" 433
"../../../Engine/Content/Maps/Templates/Thumbnails/TimeOfDay.uexp" 434
"../../../Engine/Content/Maps/Templates/Thumbnails/VR-Basic.uasset" 435
"../../../Engine/Content/Maps/Templates/Thumbnails/VR-Basic.uexp" 436
"../../../Engine/Content/MobileResources/T_MobileControls_texture.uasset" 437
"../../../Engine/Content/MobileResources/T_MobileControls_texture.uexp" 438
"../../../Engine/Content/MobileResources/T_MobileMenu2.uasset" 439
"../../../Engine/Content/MobileResources/T_MobileMenu2.uexp" 440
"../../../Engine/Content/MobileResources/HUD/AnalogHat.uasset" 441
"../../../Engine/Content/MobileResources/HUD/AnalogHat.uexp" 442
"../../../Engine/Content/MobileResources/HUD/VirtualJoystick_Thumb.uasset" 443
"../../../Engine/Content/MobileResources/HUD/VirtualJoystick_Thumb.uexp" 444
"../../../Engine/Content/MobileResources/HUD/VirtualJoystick_Background.uasset" 445
"../../../Engine/Content/MobileResources/HUD/VirtualJoystick_Background.uexp" 446
"../../../Engine/Content/MobileResources/HUD/DefaultVirtualJoysticks.uasset" 447
"../../../Engine/Content/MobileResources/HUD/DefaultVirtualJoysticks.uexp" 448
"../../../Engine/Content/MobileResources/HUD/LeftVirtualJoystickOnly.uasset" 449
"../../../Engine/Content/MobileResources/HUD/LeftVirtualJoystickOnly.uexp" 450
"../../../Engine/Content/MobileResources/HUD/MobileHUDButton1_off.uasset" 451
"../../../Engine/Content/MobileResources/HUD/MobileHUDButton1_off.uexp" 452
"../../../Engine/Content/MobileResources/HUD/MobileHUDButton1_on.uasset" 453
"../../../Engine/Content/MobileResources/HUD/MobileHUDButton1_on.uexp" 454
"../../../Engine/Content/MobileResources/HUD/MobileHUDButton2_off.uasset" 455
"../../../Engine/Content/MobileResources/HUD/MobileHUDButton2_off.uexp" 456
"../../../Engine/Content/MobileResources/HUD/MobileHUDButton2_on.uasset" 457
"../../../Engine/Content/MobileResources/HUD/MobileHUDButton2_on.uexp" 458
"../../../Engine/Content/MobileResources/HUD/MobileHUDButton3.uasset" 459
"../../../Engine/Content/MobileResources/HUD/MobileHUDButton3.uexp" 460
"../../../Engine/Content/MobileResources/HUD/MobileHUDButtonFire.uasset" 461
"../../../Engine/Content/MobileResources/HUD/MobileHUDButtonFire.uexp" 462
"../../../Engine/Content/MobileResources/HUD/MobileHUDDirectionPad.uasset" 463
"../../../Engine/Content/MobileResources/HUD/MobileHUDDirectionPad.uexp" 464
"../../../Engine/Content/MobileResources/HUD/MobileHUDDirectionPad2.uasset" 465
"../../../Engine/Content/MobileResources/HUD/MobileHUDDirectionPad2.uexp" 466
"../../../Engine/Content/MobileResources/HUD/MobileHUDDirectionPad3.uasset" 467
"../../../Engine/Content/MobileResources/HUD/MobileHUDDirectionPad3.uexp" 468
"../../../Engine/Content/MobileResources/HUD/MobileHUDDirectionStick.uasset" 469
"../../../Engine/Content/MobileResources/HUD/MobileHUDDirectionStick.uexp" 470
"../../../Engine/Content/MobileResources/HUD/T_Castle_ThumbstickInner.uasset" 471
"../../../Engine/Content/MobileResources/HUD/T_Castle_ThumbstickInner.uexp" 472
"../../../Engine/Content/MobileResources/HUD/T_Castle_ThumbstickOutter.uasset" 473
"../../../Engine/Content/MobileResources/HUD/T_Castle_ThumbstickOutter.uexp" 474
"../../../Engine/Content/Tutorial/ContentIntroCurve.uasset" 475
"../../../Engine/Content/Tutorial/ContentIntroCurve.uexp" 476
"../../../Engine/Content/VREditor/TransformGizmo/TranslucentTransformGizmoMaterial.uasset" 477
"../../../Engine/Content/VREditor/TransformGizmo/TranslucentTransformGizmoMaterial.uexp" 478
"../../../Engine/Content/VREditor/LaserPointer/VR_LaserPower_01.uasset" 479
"../../../Engine/Content/VREditor/LaserPointer/VR_LaserPower_01.uexp" 480
"../../../Engine/Content/VREditor/LaserPointer/VR_LaserPower_01.ubulk" 481
"../../../Engine/Content/VREditor/TransformGizmo/TransformGizmoMaterial.uasset" 482
"../../../Engine/Content/VREditor/TransformGizmo/TransformGizmoMaterial.uexp" 483
"../../../Engine/Content/VREditor/TransformGizmo/BoundingBoxCorner.uasset" 484
"../../../Engine/Content/VREditor/TransformGizmo/BoundingBoxCorner.uexp" 485
"../../../Engine/Content/VREditor/TransformGizmo/BoundingBoxEdge.uasset" 486
"../../../Engine/Content/VREditor/TransformGizmo/BoundingBoxEdge.uexp" 487
"../../../Engine/Content/VREditor/TransformGizmo/PlaneTranslationHandle.uasset" 488
"../../../Engine/Content/VREditor/TransformGizmo/PlaneTranslationHandle.uexp" 489
"../../../Engine/Content/VREditor/TransformGizmo/Xray.uasset" 490
"../../../Engine/Content/VREditor/TransformGizmo/Xray.uexp" 491
"../../../Engine/Content/VREditor/TransformGizmo/Main.uasset" 492
"../../../Engine/Content/VREditor/TransformGizmo/Main.uexp" 493
"../../../Engine/Content/VREditor/TransformGizmo/SM_Sequencer_Key.uasset" 494
"../../../Engine/Content/VREditor/TransformGizmo/SM_Sequencer_Key.uexp" 495
"../../../Engine/Content/VREditor/TransformGizmo/SM_Sequencer_Node.uasset" 496
"../../../Engine/Content/VREditor/TransformGizmo/SM_Sequencer_Node.uexp" 497
"../../../Engine/Plugins/2D/Paper2D/Content/DummySprite.uasset" 498
"../../../Engine/Plugins/2D/Paper2D/Content/DummySprite.uexp" 499
"../../../Engine/Plugins/2D/Paper2D/Content/DefaultPaperTerrainMaterial.uasset" 500
"../../../Engine/Plugins/2D/Paper2D/Content/DefaultPaperTerrainMaterial.uexp" 501
"../../../Engine/Plugins/2D/Paper2D/Content/MaskedUnlitSpriteMaterial.uasset" 502
"../../../Engine/Plugins/2D/Paper2D/Content/MaskedUnlitSpriteMaterial.uexp" 503
"../../../Engine/Plugins/2D/Paper2D/Content/OpaqueUnlitSpriteMaterial.uasset" 504
"../../../Engine/Plugins/2D/Paper2D/Content/OpaqueUnlitSpriteMaterial.uexp" 505
"../../../Engine/Content/Functions/Engine_MaterialFunctions02/Utility/BreakOutFloat3Components.uasset" 506
"../../../Engine/Content/Functions/Engine_MaterialFunctions02/Utility/BreakOutFloat3Components.uexp" 507
"../../../Engine/Plugins/Editor/SpeedTreeImporter/Content/SpeedTree9/UnpackInteger3.uasset" 508
"../../../Engine/Plugins/Editor/SpeedTreeImporter/Content/SpeedTree9/UnpackInteger3.uexp" 509
"../../../Engine/Plugins/Editor/SpeedTreeImporter/Content/SpeedTree9/UnpackDirection.uasset" 510
"../../../Engine/Plugins/Editor/SpeedTreeImporter/Content/SpeedTree9/UnpackDirection.uexp" 511
"../../../Engine/Plugins/Editor/SpeedTreeImporter/Content/SpeedTree9/game_wind_noise.uasset" 512
"../../../Engine/Plugins/Editor/SpeedTreeImporter/Content/SpeedTree9/game_wind_noise.uexp" 513
"../../../Engine/Plugins/Editor/SpeedTreeImporter/Content/SpeedTree9/game_wind_noise.ubulk" 514
"../../../Engine/Content/Functions/Engine_MaterialFunctions02/SafeNormalize.uasset" 515
"../../../Engine/Content/Functions/Engine_MaterialFunctions02/SafeNormalize.uexp" 516
"../../../Engine/Plugins/Editor/SpeedTreeImporter/Content/SpeedTree9/SpeedTreeWindMotion.uasset" 517
"../../../Engine/Plugins/Editor/SpeedTreeImporter/Content/SpeedTree9/SpeedTreeWindMotion.uexp" 518
"../../../Engine/Plugins/Editor/SpeedTreeImporter/Content/SpeedTree9/SpeedTreeBranchMotion.uasset" 519
"../../../Engine/Plugins/Editor/SpeedTreeImporter/Content/SpeedTree9/SpeedTreeBranchMotion.uexp" 520
"../../../Engine/Content/Functions/Engine_MaterialFunctions02/ObjectLocalBounds.uasset" 521
"../../../Engine/Content/Functions/Engine_MaterialFunctions02/ObjectLocalBounds.uexp" 522
"../../../Engine/Content/Functions/Engine_MaterialFunctions02/UVs/BoundingBoxBased_0-1_UVW.uasset" 523
"../../../Engine/Content/Functions/Engine_MaterialFunctions02/UVs/BoundingBoxBased_0-1_UVW.uexp" 524
"../../../Engine/Content/Functions/Engine_MaterialFunctions02/Utility/VectorLength.uasset" 525
"../../../Engine/Content/Functions/Engine_MaterialFunctions02/Utility/VectorLength.uexp" 526
"../../../Engine/Content/Functions/Engine_MaterialFunctions02/WorldPositionOffset/ObjectScale.uasset" 527
"../../../Engine/Content/Functions/Engine_MaterialFunctions02/WorldPositionOffset/ObjectScale.uexp" 528
"../../../Engine/Plugins/Editor/SpeedTreeImporter/Content/SpeedTree9/SpeedTreeWind.uasset" 529
"../../../Engine/Plugins/Editor/SpeedTreeImporter/Content/SpeedTree9/SpeedTreeWind.uexp" 530
"../../../Engine/Plugins/Editor/SpeedTreeImporter/Content/SpeedTree9/SpeedTreeBillboard.uasset" 531
"../../../Engine/Plugins/Editor/SpeedTreeImporter/Content/SpeedTree9/SpeedTreeBillboard.uexp" 532
"../../../Engine/Plugins/Editor/SpeedTreeImporter/Content/SpeedTree9/EmptyNormal.uasset" 533
"../../../Engine/Plugins/Editor/SpeedTreeImporter/Content/SpeedTree9/EmptyNormal.uexp" 534
"../../../Engine/Plugins/Editor/SpeedTreeImporter/Content/SpeedTree9/Empty.uasset" 535
"../../../Engine/Plugins/Editor/SpeedTreeImporter/Content/SpeedTree9/Empty.uexp" 536
"../../../Engine/Plugins/Editor/SpeedTreeImporter/Content/SpeedTree9/SpeedTreeBillboardMaster.uasset" 537
"../../../Engine/Plugins/Editor/SpeedTreeImporter/Content/SpeedTree9/SpeedTreeBillboardMaster.uexp" 538
"../../../Engine/Plugins/Editor/SpeedTreeImporter/Content/SpeedTree9/SpeedTreeCameraFacing.uasset" 539
"../../../Engine/Plugins/Editor/SpeedTreeImporter/Content/SpeedTree9/SpeedTreeCameraFacing.uexp" 540
"../../../Engine/Plugins/Editor/SpeedTreeImporter/Content/SpeedTree9/SpeedTreeMaster.uasset" 541
"../../../Engine/Plugins/Editor/SpeedTreeImporter/Content/SpeedTree9/SpeedTreeMaster.uexp" 542
"../../../Engine/Content/BasicShapes/Cylinder.uasset" 543
"../../../Engine/Content/BasicShapes/Cylinder.uexp" 544
"../../../Engine/Content/ArtTools/RenderToTexture/Materials/Debug/M_Emissive_Color.uasset" 545
"../../../Engine/Content/ArtTools/RenderToTexture/Materials/Debug/M_Emissive_Color.uexp" 546
"../../../Engine/Plugins/Lumin/MagicLeapPassableWorld/Content/MagicLeapARPinInfoActor.uasset" 547
"../../../Engine/Plugins/Lumin/MagicLeapPassableWorld/Content/MagicLeapARPinInfoActor.uexp" 548
"../../../Engine/Plugins/Runtime/OpenXR/Content/Devices/GoogleDaydream/MRTexture.uasset" 549
"../../../Engine/Plugins/Runtime/OpenXR/Content/Devices/GoogleDaydream/MRTexture.uexp" 550
"../../../Engine/Plugins/Runtime/OpenXR/Content/Devices/GoogleDaydream/MRTexture.ubulk" 551
"../../../Engine/Plugins/Runtime/OpenXR/Content/Devices/GoogleDaydream/BaseTexture.uasset" 552
"../../../Engine/Plugins/Runtime/OpenXR/Content/Devices/GoogleDaydream/BaseTexture.uexp" 553
"../../../Engine/Plugins/Runtime/OpenXR/Content/Devices/GoogleDaydream/BaseTexture.ubulk" 554
"../../../Engine/Content/EngineResources/Black.uasset" 555
"../../../Engine/Content/EngineResources/Black.uexp" 556
"../../../Engine/Plugins/Runtime/OpenXR/Content/Devices/M_XRController.uasset" 557
"../../../Engine/Plugins/Runtime/OpenXR/Content/Devices/M_XRController.uexp" 558
"../../../Engine/Plugins/Runtime/OpenXR/Content/Devices/GoogleDaydream/MI_GoogleDaydream.uasset" 559
"../../../Engine/Plugins/Runtime/OpenXR/Content/Devices/GoogleDaydream/MI_GoogleDaydream.uexp" 560
"../../../Engine/Plugins/Runtime/OpenXR/Content/Devices/GoogleDaydream/GoogleDaydreamController.uasset" 561
"../../../Engine/Plugins/Runtime/OpenXR/Content/Devices/GoogleDaydream/GoogleDaydreamController.uexp" 562
"../../../Engine/Plugins/Runtime/OpenXR/Content/Devices/HTCVive/BaseTexture.uasset" 563
"../../../Engine/Plugins/Runtime/OpenXR/Content/Devices/HTCVive/BaseTexture.uexp" 564
"../../../Engine/Plugins/Runtime/OpenXR/Content/Devices/HTCVive/BaseTexture.ubulk" 565
"../../../Engine/Plugins/Runtime/OpenXR/Content/Devices/HTCVive/MI_HTCVive.uasset" 566
"../../../Engine/Plugins/Runtime/OpenXR/Content/Devices/HTCVive/MI_HTCVive.uexp" 567
"../../../Engine/Plugins/Runtime/OpenXR/Content/Devices/HTCVive/HTCViveController.uasset" 568
"../../../Engine/Plugins/Runtime/OpenXR/Content/Devices/HTCVive/HTCViveController.uexp" 569
"../../../Engine/Plugins/Runtime/OpenXR/Content/Devices/MicrosoftMixedReality/NormalTexture.uasset" 570
"../../../Engine/Plugins/Runtime/OpenXR/Content/Devices/MicrosoftMixedReality/NormalTexture.uexp" 571
"../../../Engine/Plugins/Runtime/OpenXR/Content/Devices/MicrosoftMixedReality/NormalTexture.ubulk" 572
"../../../Engine/Plugins/Runtime/OpenXR/Content/Devices/MicrosoftMixedReality/MRTexture.uasset" 573
"../../../Engine/Plugins/Runtime/OpenXR/Content/Devices/MicrosoftMixedReality/MRTexture.uexp" 574
"../../../Engine/Plugins/Runtime/OpenXR/Content/Devices/MicrosoftMixedReality/MRTexture.ubulk" 575
"../../../Engine/Plugins/Runtime/OpenXR/Content/Devices/MicrosoftMixedReality/EmissiveTexture.uasset" 576
"../../../Engine/Plugins/Runtime/OpenXR/Content/Devices/MicrosoftMixedReality/EmissiveTexture.uexp" 577
"../../../Engine/Plugins/Runtime/OpenXR/Content/Devices/MicrosoftMixedReality/EmissiveTexture.ubulk" 578
"../../../Engine/Plugins/Runtime/OpenXR/Content/Devices/MicrosoftMixedReality/BaseTexture.uasset" 579
"../../../Engine/Plugins/Runtime/OpenXR/Content/Devices/MicrosoftMixedReality/BaseTexture.uexp" 580
"../../../Engine/Plugins/Runtime/OpenXR/Content/Devices/MicrosoftMixedReality/BaseTexture.ubulk" 581
"../../../Engine/Plugins/Runtime/OpenXR/Content/Devices/MicrosoftMixedReality/MI_MicrosoftMixedReality.uasset" 582
"../../../Engine/Plugins/Runtime/OpenXR/Content/Devices/MicrosoftMixedReality/MI_MicrosoftMixedReality.uexp" 583
"../../../Engine/Plugins/Runtime/OpenXR/Content/Devices/MicrosoftMixedReality/Left/left_MicrosoftMixedRealityController.uasset" 584
"../../../Engine/Plugins/Runtime/OpenXR/Content/Devices/MicrosoftMixedReality/Left/left_MicrosoftMixedRealityController.uexp" 585
"../../../Engine/Plugins/Runtime/OpenXR/Content/Devices/MicrosoftMixedReality/Right/right_MicrosoftMixedRealityController.uasset" 586
"../../../Engine/Plugins/Runtime/OpenXR/Content/Devices/MicrosoftMixedReality/Right/right_MicrosoftMixedRealityController.uexp" 587
"../../../Engine/Plugins/Runtime/OpenXR/Content/Devices/OculusGo/BaseTexture.uasset" 588
"../../../Engine/Plugins/Runtime/OpenXR/Content/Devices/OculusGo/BaseTexture.uexp" 589
"../../../Engine/Plugins/Runtime/OpenXR/Content/Devices/OculusGo/BaseTexture.ubulk" 590
"../../../Engine/Plugins/Runtime/OpenXR/Content/Devices/OculusGo/MI_OculusGo.uasset" 591
"../../../Engine/Plugins/Runtime/OpenXR/Content/Devices/OculusGo/MI_OculusGo.uexp" 592
"../../../Engine/Plugins/Runtime/OpenXR/Content/Devices/OculusGo/OculusGoController.uasset" 593
"../../../Engine/Plugins/Runtime/OpenXR/Content/Devices/OculusGo/OculusGoController.uexp" 594
"../../../Engine/Plugins/Runtime/OpenXR/Content/Devices/OculusTouch/MRTexture.uasset" 595
"../../../Engine/Plugins/Runtime/OpenXR/Content/Devices/OculusTouch/MRTexture.uexp" 596
"../../../Engine/Plugins/Runtime/OpenXR/Content/Devices/OculusTouch/MRTexture.ubulk" 597
"../../../Engine/Plugins/Runtime/OpenXR/Content/Devices/OculusTouch/BaseTexture.uasset" 598
"../../../Engine/Plugins/Runtime/OpenXR/Content/Devices/OculusTouch/BaseTexture.uexp" 599
"../../../Engine/Plugins/Runtime/OpenXR/Content/Devices/OculusTouch/BaseTexture.ubulk" 600
"../../../Engine/Plugins/Runtime/OpenXR/Content/Devices/OculusTouch/MI_OculusTouch.uasset" 601
"../../../Engine/Plugins/Runtime/OpenXR/Content/Devices/OculusTouch/MI_OculusTouch.uexp" 602
"../../../Engine/Plugins/Runtime/OpenXR/Content/Devices/OculusTouch/Left/left_OculusTouchController.uasset" 603
"../../../Engine/Plugins/Runtime/OpenXR/Content/Devices/OculusTouch/Left/left_OculusTouchController.uexp" 604
"../../../Engine/Plugins/Runtime/OpenXR/Content/Devices/OculusTouch/Right/right_OculusTouchController.uasset" 605
"../../../Engine/Plugins/Runtime/OpenXR/Content/Devices/OculusTouch/Right/right_OculusTouchController.uexp" 606
"../../../Engine/Plugins/Runtime/OpenXR/Content/Devices/OculusTouch_v2/MRTexture.uasset" 607
"../../../Engine/Plugins/Runtime/OpenXR/Content/Devices/OculusTouch_v2/MRTexture.uexp" 608
"../../../Engine/Plugins/Runtime/OpenXR/Content/Devices/OculusTouch_v2/MRTexture.ubulk" 609
"../../../Engine/Plugins/Runtime/OpenXR/Content/Devices/OculusTouch_v2/BaseTexture.uasset" 610
"../../../Engine/Plugins/Runtime/OpenXR/Content/Devices/OculusTouch_v2/BaseTexture.uexp" 611
"../../../Engine/Plugins/Runtime/OpenXR/Content/Devices/OculusTouch_v2/BaseTexture.ubulk" 612
"../../../Engine/Plugins/Runtime/OpenXR/Content/Devices/OculusTouch_v2/MI_OculusTouch_v2.uasset" 613
"../../../Engine/Plugins/Runtime/OpenXR/Content/Devices/OculusTouch_v2/MI_OculusTouch_v2.uexp" 614
"../../../Engine/Plugins/Runtime/OpenXR/Content/Devices/OculusTouch_v2/Left/left_OculusTouch_v2Controller.uasset" 615
"../../../Engine/Plugins/Runtime/OpenXR/Content/Devices/OculusTouch_v2/Left/left_OculusTouch_v2Controller.uexp" 616
"../../../Engine/Plugins/Runtime/OpenXR/Content/Devices/OculusTouch_v2/Right/right_OculusTouch_v2Controller.uasset" 617
"../../../Engine/Plugins/Runtime/OpenXR/Content/Devices/OculusTouch_v2/Right/right_OculusTouch_v2Controller.uexp" 618
"../../../Engine/Plugins/Runtime/OpenXR/Content/Devices/OculusTouch_v3/MRTexture.uasset" 619
"../../../Engine/Plugins/Runtime/OpenXR/Content/Devices/OculusTouch_v3/MRTexture.uexp" 620
"../../../Engine/Plugins/Runtime/OpenXR/Content/Devices/OculusTouch_v3/MRTexture.ubulk" 621
"../../../Engine/Plugins/Runtime/OpenXR/Content/Devices/OculusTouch_v3/BaseTexture.uasset" 622
"../../../Engine/Plugins/Runtime/OpenXR/Content/Devices/OculusTouch_v3/BaseTexture.uexp" 623
"../../../Engine/Plugins/Runtime/OpenXR/Content/Devices/OculusTouch_v3/BaseTexture.ubulk" 624
"../../../Engine/Plugins/Runtime/OpenXR/Content/Devices/OculusTouch_v3/MI_OculusTouch_v3.uasset" 625
"../../../Engine/Plugins/Runtime/OpenXR/Content/Devices/OculusTouch_v3/MI_OculusTouch_v3.uexp" 626
"../../../Engine/Plugins/Runtime/OpenXR/Content/Devices/OculusTouch_v3/Left/left_OculusTouch_v3Controller.uasset" 627
"../../../Engine/Plugins/Runtime/OpenXR/Content/Devices/OculusTouch_v3/Left/left_OculusTouch_v3Controller.uexp" 628
"../../../Engine/Plugins/Runtime/OpenXR/Content/Devices/OculusTouch_v3/Right/right_OculusTouch_v3Controller.uasset" 629
"../../../Engine/Plugins/Runtime/OpenXR/Content/Devices/OculusTouch_v3/Right/right_OculusTouch_v3Controller.uexp" 630
"../../../Engine/Plugins/Runtime/OpenXR/Content/Devices/ValveIndex/MRTexture.uasset" 631
"../../../Engine/Plugins/Runtime/OpenXR/Content/Devices/ValveIndex/MRTexture.uexp" 632
"../../../Engine/Plugins/Runtime/OpenXR/Content/Devices/ValveIndex/MRTexture.ubulk" 633
"../../../Engine/Plugins/Runtime/OpenXR/Content/Devices/ValveIndex/BaseTexture.uasset" 634
"../../../Engine/Plugins/Runtime/OpenXR/Content/Devices/ValveIndex/BaseTexture.uexp" 635
"../../../Engine/Plugins/Runtime/OpenXR/Content/Devices/ValveIndex/BaseTexture.ubulk" 636
"../../../Engine/Plugins/Runtime/OpenXR/Content/Devices/ValveIndex/Left/MI_left_ValveIndex.uasset" 637
"../../../Engine/Plugins/Runtime/OpenXR/Content/Devices/ValveIndex/Left/MI_left_ValveIndex.uexp" 638
"../../../Engine/Plugins/Runtime/OpenXR/Content/Devices/ValveIndex/Left/left_ValveIndexController.uasset" 639
"../../../Engine/Plugins/Runtime/OpenXR/Content/Devices/ValveIndex/Left/left_ValveIndexController.uexp" 640
"../../../Engine/Plugins/Runtime/OpenXR/Content/Devices/ValveIndex/Right/MI_right_ValveIndex.uasset" 641
"../../../Engine/Plugins/Runtime/OpenXR/Content/Devices/ValveIndex/Right/MI_right_ValveIndex.uexp" 642
"../../../Engine/Plugins/Runtime/OpenXR/Content/Devices/ValveIndex/Right/right_ValveIndexController.uasset" 643
"../../../Engine/Plugins/Runtime/OpenXR/Content/Devices/ValveIndex/Right/right_ValveIndexController.uexp" 644
"../../../Engine/Content/Functions/Engine_MaterialFunctions02/Utility/BreakOutFloat4Components.uasset" 645
"../../../Engine/Content/Functions/Engine_MaterialFunctions02/Utility/BreakOutFloat4Components.uexp" 646
"../../../Engine/Content/Functions/Engine_MaterialFunctions02/Utility/MakeFloat3.uasset" 647
"../../../Engine/Content/Functions/Engine_MaterialFunctions02/Utility/MakeFloat3.uexp" 648
"../../../Engine/Plugins/Runtime/Oculus/OculusVR/Content/Materials/OculusMR_ChromaKey.uasset" 649
"../../../Engine/Plugins/Runtime/Oculus/OculusVR/Content/Materials/OculusMR_ChromaKey.uexp" 650
"../../../Engine/Plugins/Runtime/Oculus/OculusVR/Content/Materials/OculusMR_OpaqueColoredMaterial.uasset" 651
"../../../Engine/Plugins/Runtime/Oculus/OculusVR/Content/Materials/OculusMR_OpaqueColoredMaterial.uexp" 652
"../../../Engine/Plugins/Runtime/Oculus/OculusVR/Content/Materials/PokeAHoleMaterial.uasset" 653
"../../../Engine/Plugins/Runtime/Oculus/OculusVR/Content/Materials/PokeAHoleMaterial.uexp" 654
"../../../Engine/Plugins/Runtime/Oculus/OculusVR/Content/Textures/touchController_controlmap.uasset" 655
"../../../Engine/Plugins/Runtime/Oculus/OculusVR/Content/Textures/touchController_controlmap.uexp" 656
"../../../Engine/Plugins/Runtime/Oculus/OculusVR/Content/Textures/touchController_controlmap.ubulk" 657
"../../../Engine/Plugins/Runtime/Oculus/OculusVR/Content/Textures/touchController_albedo.uasset" 658
"../../../Engine/Plugins/Runtime/Oculus/OculusVR/Content/Textures/touchController_albedo.uexp" 659
"../../../Engine/Plugins/Runtime/Oculus/OculusVR/Content/Textures/touchController_albedo.ubulk" 660
"../../../Engine/Plugins/Runtime/Oculus/OculusVR/Content/Materials/touchController_mat.uasset" 661
"../../../Engine/Plugins/Runtime/Oculus/OculusVR/Content/Materials/touchController_mat.uexp" 662
"../../../Engine/Plugins/Runtime/Oculus/OculusVR/Content/Meshes/LeftTouchController.uasset" 663
"../../../Engine/Plugins/Runtime/Oculus/OculusVR/Content/Meshes/LeftTouchController.uexp" 664
"../../../Engine/Plugins/Runtime/Oculus/OculusVR/Content/Textures/TouchForQuestRiftSController_albedo.uasset" 665
"../../../Engine/Plugins/Runtime/Oculus/OculusVR/Content/Textures/TouchForQuestRiftSController_albedo.uexp" 666
"../../../Engine/Plugins/Runtime/Oculus/OculusVR/Content/Textures/TouchForQuestRiftSController_albedo.ubulk" 667
"../../../Engine/Plugins/Runtime/Oculus/OculusVR/Content/Materials/TouchForQuestRiftSControllerMaterial.uasset" 668
"../../../Engine/Plugins/Runtime/Oculus/OculusVR/Content/Materials/TouchForQuestRiftSControllerMaterial.uexp" 669
"../../../Engine/Plugins/Runtime/Oculus/OculusVR/Content/Meshes/LeftTouchForQuestRiftSController.uasset" 670
"../../../Engine/Plugins/Runtime/Oculus/OculusVR/Content/Meshes/LeftTouchForQuestRiftSController.uexp" 671
"../../../Engine/Plugins/Runtime/Oculus/OculusVR/Content/Meshes/RiftHMD.uasset" 672
"../../../Engine/Plugins/Runtime/Oculus/OculusVR/Content/Meshes/RiftHMD.uexp" 673
"../../../Engine/Plugins/Runtime/Oculus/OculusVR/Content/Meshes/RightTouchController.uasset" 674
"../../../Engine/Plugins/Runtime/Oculus/OculusVR/Content/Meshes/RightTouchController.uexp" 675
"../../../Engine/Plugins/Runtime/Oculus/OculusVR/Content/Meshes/RightTouchForQuestRiftSController.uasset" 676
"../../../Engine/Plugins/Runtime/Oculus/OculusVR/Content/Meshes/RightTouchForQuestRiftSController.uexp" 677
"C:/Users/grego/Documents/Unreal Projects/VGPFinal/Content/Actor_Graphics/Checkpoint_Icon_Sprite_Sheet.uasset" 678
"C:/Users/grego/Documents/Unreal Projects/VGPFinal/Content/Actor_Graphics/Checkpoint_Icon_Sprite_Sheet.uexp" 679
"C:/Users/grego/Documents/Unreal Projects/VGPFinal/Content/Actor_Graphics/Checkpoint_Sprite.uasset" 680
"C:/Users/grego/Documents/Unreal Projects/VGPFinal/Content/Actor_Graphics/Checkpoint_Sprite.uexp" 681
"C:/Users/grego/Documents/Unreal Projects/VGPFinal/Content/Blueprints/Checkpoint.uasset" 682
"C:/Users/grego/Documents/Unreal Projects/VGPFinal/Content/Blueprints/Checkpoint.uexp" 683
"C:/Users/grego/Documents/Unreal Projects/VGPFinal/Content/Levels/Moving_Platform.uasset" 684
"C:/Users/grego/Documents/Unreal Projects/VGPFinal/Content/Levels/Moving_Platform.uexp" 685
"C:/Users/grego/Documents/Unreal Projects/VGPFinal/Content/Levels/Moving_Platform_Sprite.uasset" 686
"C:/Users/grego/Documents/Unreal Projects/VGPFinal/Content/Levels/Moving_Platform_Sprite.uexp" 687
"C:/Users/grego/Documents/Unreal Projects/VGPFinal/Content/Levels/LevelFourContents/Thunderstorm_Background.uasset" 688
"C:/Users/grego/Documents/Unreal Projects/VGPFinal/Content/Levels/LevelFourContents/Thunderstorm_Background.uexp" 689
"C:/Users/grego/Documents/Unreal Projects/VGPFinal/Content/Levels/LevelFourContents/Thunderstorm_Background_Sprite.uasset" 690
"C:/Users/grego/Documents/Unreal Projects/VGPFinal/Content/Levels/LevelFourContents/Thunderstorm_Background_Sprite.uexp" 691
"C:/Users/grego/Documents/Unreal Projects/VGPFinal/Content/Levels/LevelThreeContents/Rainy_Background.uasset" 692
"C:/Users/grego/Documents/Unreal Projects/VGPFinal/Content/Levels/LevelThreeContents/Rainy_Background.uexp" 693
"C:/Users/grego/Documents/Unreal Projects/VGPFinal/Content/Levels/LevelFourContents/Rainy_Background_Sprite.uasset" 694
"C:/Users/grego/Documents/Unreal Projects/VGPFinal/Content/Levels/LevelFourContents/Rainy_Background_Sprite.uexp" 695
"C:/Users/grego/Documents/Unreal Projects/VGPFinal/Content/Levels/LevelFourContents/Platforms3_TileSet.uasset" 696
"C:/Users/grego/Documents/Unreal Projects/VGPFinal/Content/Levels/LevelFourContents/Platforms3_TileSet.uexp" 697
"C:/Users/grego/Documents/Unreal Projects/VGPFinal/Content/Levels/LevelFourContents/Platforms2_TileSet.uasset" 698
"C:/Users/grego/Documents/Unreal Projects/VGPFinal/Content/Levels/LevelFourContents/Platforms2_TileSet.uexp" 699
"C:/Users/grego/Documents/Unreal Projects/VGPFinal/Content/Levels/LevelOneContents/Platforms1_Sprite_Sheet.uasset" 700
"C:/Users/grego/Documents/Unreal Projects/VGPFinal/Content/Levels/LevelOneContents/Platforms1_Sprite_Sheet.uexp" 701
"C:/Users/grego/Documents/Unreal Projects/VGPFinal/Content/Levels/LevelFourContents/Platforms1_TileSet.uasset" 702
"C:/Users/grego/Documents/Unreal Projects/VGPFinal/Content/Levels/LevelFourContents/Platforms1_TileSet.uexp" 703
"C:/Users/grego/Documents/Unreal Projects/VGPFinal/Content/Levels/LevelFourContents/LevelFour_TileMap4.uasset" 704
"C:/Users/grego/Documents/Unreal Projects/VGPFinal/Content/Levels/LevelFourContents/LevelFour_TileMap4.uexp" 705
"C:/Users/grego/Documents/Unreal Projects/VGPFinal/Content/Levels/LevelFourContents/LevelFour_TileMap3.uasset" 706
"C:/Users/grego/Documents/Unreal Projects/VGPFinal/Content/Levels/LevelFourContents/LevelFour_TileMap3.uexp" 707
"C:/Users/grego/Documents/Unreal Projects/VGPFinal/Content/Levels/LevelFourContents/LevelFour_TileMap2.uasset" 708
"C:/Users/grego/Documents/Unreal Projects/VGPFinal/Content/Levels/LevelFourContents/LevelFour_TileMap2.uexp" 709
"C:/Users/grego/Documents/Unreal Projects/VGPFinal/Content/Levels/LevelFourContents/LevelFour_TileMap1.uasset" 710
"C:/Users/grego/Documents/Unreal Projects/VGPFinal/Content/Levels/LevelFourContents/LevelFour_TileMap1.uexp" 711
"C:/Users/grego/Documents/Unreal Projects/VGPFinal/Content/Levels/LevelOneContents/Clear_Sky_Background.uasset" 712
"C:/Users/grego/Documents/Unreal Projects/VGPFinal/Content/Levels/LevelOneContents/Clear_Sky_Background.uexp" 713
"C:/Users/grego/Documents/Unreal Projects/VGPFinal/Content/Levels/LevelFourContents/Clear_Sky_Background_Sprite.uasset" 714
"C:/Users/grego/Documents/Unreal Projects/VGPFinal/Content/Levels/LevelFourContents/Clear_Sky_Background_Sprite.uexp" 715
"C:/Users/grego/Documents/Unreal Projects/VGPFinal/Content/Actor_Graphics/EnemyType3_Damage_Sprite.uasset" 716
"C:/Users/grego/Documents/Unreal Projects/VGPFinal/Content/Actor_Graphics/EnemyType3_Damage_Sprite.uexp" 717
"C:/Users/grego/Documents/Unreal Projects/VGPFinal/Content/Blueprints/Damages_Blueprints/HealthDrop_Nimblight_Stay.uasset" 718
"C:/Users/grego/Documents/Unreal Projects/VGPFinal/Content/Blueprints/Damages_Blueprints/HealthDrop_Nimblight_Stay.uexp" 719
"C:/Users/grego/Documents/Unreal Projects/VGPFinal/Content/Actor_Graphics/EndOfGame_You_Win_Sprite.uasset" 720
"C:/Users/grego/Documents/Unreal Projects/VGPFinal/Content/Actor_Graphics/EndOfGame_You_Win_Sprite.uexp" 721
"C:/Users/grego/Documents/Unreal Projects/VGPFinal/Content/Widget_Graphics/You_Win_Screen.uasset" 722
"C:/Users/grego/Documents/Unreal Projects/VGPFinal/Content/Widget_Graphics/You_Win_Screen.uexp" 723
"C:/Users/grego/Documents/Unreal Projects/VGPFinal/Content/Blueprints/YouWinScreen.uasset" 724
"C:/Users/grego/Documents/Unreal Projects/VGPFinal/Content/Blueprints/YouWinScreen.uexp" 725
"C:/Users/grego/Documents/Unreal Projects/VGPFinal/Content/Blueprints/YouWin.uasset" 726
"C:/Users/grego/Documents/Unreal Projects/VGPFinal/Content/Blueprints/YouWin.uexp" 727
"C:/Users/grego/Documents/Unreal Projects/VGPFinal/Content/Blueprints/OurGameMode.uasset" 728
"C:/Users/grego/Documents/Unreal Projects/VGPFinal/Content/Blueprints/OurGameMode.uexp" 729
"C:/Users/grego/Documents/Unreal Projects/VGPFinal/Content/Levels/LevelFour.uexp" 730
"C:/Users/grego/Documents/Unreal Projects/VGPFinal/Content/Levels/LevelFour.umap" 731
"C:/Users/grego/Documents/Unreal Projects/VGPFinal/Content/Levels/LevelOneContents/Platforms3_Sprite_Sheet_Sprite_7.uasset" 732
"C:/Users/grego/Documents/Unreal Projects/VGPFinal/Content/Levels/LevelOneContents/Platforms3_Sprite_Sheet_Sprite_7.uexp" 733
"C:/Users/grego/Documents/Unreal Projects/VGPFinal/Content/Levels/LevelOneContents/Platforms2_Sprite_Sheet_Sprite_5.uasset" 734
"C:/Users/grego/Documents/Unreal Projects/VGPFinal/Content/Levels/LevelOneContents/Platforms2_Sprite_Sheet_Sprite_5.uexp" 735
"C:/Users/grego/Documents/Unreal Projects/VGPFinal/Content/Levels/LevelOneContents/Platforms2_Sprite_Sheet_Sprite_1.uasset" 736
"C:/Users/grego/Documents/Unreal Projects/VGPFinal/Content/Levels/LevelOneContents/Platforms2_Sprite_Sheet_Sprite_1.uexp" 737
"C:/Users/grego/Documents/Unreal Projects/VGPFinal/Content/Levels/LevelOneContents/Platforms2_Sprite_Sheet_Sprite_0.uasset" 738
"C:/Users/grego/Documents/Unreal Projects/VGPFinal/Content/Levels/LevelOneContents/Platforms2_Sprite_Sheet_Sprite_0.uexp" 739
"C:/Users/grego/Documents/Unreal Projects/VGPFinal/Content/Levels/LevelOneContents/Platforms1_Sprite_Sheet_Sprite_0.uasset" 740
"C:/Users/grego/Documents/Unreal Projects/VGPFinal/Content/Levels/LevelOneContents/Platforms1_Sprite_Sheet_Sprite_0.uexp" 741
"C:/Users/grego/Documents/Unreal Projects/VGPFinal/Content/Levels/LevelOneContents/Platforms1_TileSet.uasset" 742
"C:/Users/grego/Documents/Unreal Projects/VGPFinal/Content/Levels/LevelOneContents/Platforms1_TileSet.uexp" 743
"C:/Users/grego/Documents/Unreal Projects/VGPFinal/Content/Levels/LevelOneContents/LevelOne_TileMap4.uasset" 744
"C:/Users/grego/Documents/Unreal Projects/VGPFinal/Content/Levels/LevelOneContents/LevelOne_TileMap4.uexp" 745
"C:/Users/grego/Documents/Unreal Projects/VGPFinal/Content/Levels/LevelOneContents/LevelOne_TileMap3.uasset" 746
"C:/Users/grego/Documents/Unreal Projects/VGPFinal/Content/Levels/LevelOneContents/LevelOne_TileMap3.uexp" 747
"C:/Users/grego/Documents/Unreal Projects/VGPFinal/Content/Levels/LevelOneContents/LevelOne_TileMap2.uasset" 748
"C:/Users/grego/Documents/Unreal Projects/VGPFinal/Content/Levels/LevelOneContents/LevelOne_TileMap2.uexp" 749
"C:/Users/grego/Documents/Unreal Projects/VGPFinal/Content/Levels/LevelOneContents/LevelOne_TileMap1.uasset" 750
"C:/Users/grego/Documents/Unreal Projects/VGPFinal/Content/Levels/LevelOneContents/LevelOne_TileMap1.uexp" 751
"C:/Users/grego/Documents/Unreal Projects/VGPFinal/Content/Levels/LevelOneContents/Clear_Sky_Background_Sprite.uasset" 752
"C:/Users/grego/Documents/Unreal Projects/VGPFinal/Content/Levels/LevelOneContents/Clear_Sky_Background_Sprite.uexp" 753
"C:/Users/grego/Documents/Unreal Projects/VGPFinal/Content/Levels/LevelOne.uexp" 754
"C:/Users/grego/Documents/Unreal Projects/VGPFinal/Content/Levels/LevelOne.umap" 755
"C:/Users/grego/Documents/Unreal Projects/VGPFinal/Content/Blueprints/NextLevel3To4.uasset" 756
"C:/Users/grego/Documents/Unreal Projects/VGPFinal/Content/Blueprints/NextLevel3To4.uexp" 757
"C:/Users/grego/Documents/Unreal Projects/VGPFinal/Content/Levels/LevelThreeContents/Rainy_Background_Sprite.uasset" 758
"C:/Users/grego/Documents/Unreal Projects/VGPFinal/Content/Levels/LevelThreeContents/Rainy_Background_Sprite.uexp" 759
"C:/Users/grego/Documents/Unreal Projects/VGPFinal/Content/Levels/LevelThreeContents/Platforms2_Sprite_Sheet.uasset" 760
"C:/Users/grego/Documents/Unreal Projects/VGPFinal/Content/Levels/LevelThreeContents/Platforms2_Sprite_Sheet.uexp" 761
"C:/Users/grego/Documents/Unreal Projects/VGPFinal/Content/Levels/LevelThreeContents/Platforms2_TileSet.uasset" 762
"C:/Users/grego/Documents/Unreal Projects/VGPFinal/Content/Levels/LevelThreeContents/Platforms2_TileSet.uexp" 763
"C:/Users/grego/Documents/Unreal Projects/VGPFinal/Content/Levels/LevelThreeContents/LevelThree_TileMap2.uasset" 764
"C:/Users/grego/Documents/Unreal Projects/VGPFinal/Content/Levels/LevelThreeContents/LevelThree_TileMap2.uexp" 765
"C:/Users/grego/Documents/Unreal Projects/VGPFinal/Content/Levels/LevelThreeContents/LevelThree_TileMap1.uasset" 766
"C:/Users/grego/Documents/Unreal Projects/VGPFinal/Content/Levels/LevelThreeContents/LevelThree_TileMap1.uexp" 767
"C:/Users/grego/Documents/Unreal Projects/VGPFinal/Content/Levels/LevelThree.uexp" 768
"C:/Users/grego/Documents/Unreal Projects/VGPFinal/Content/Levels/LevelThree.umap" 769
"C:/Users/grego/Documents/Unreal Projects/VGPFinal/Content/Blueprints/NextLevel2To3.uasset" 770
"C:/Users/grego/Documents/Unreal Projects/VGPFinal/Content/Blueprints/NextLevel2To3.uexp" 771
"C:/Users/grego/Documents/Unreal Projects/VGPFinal/Content/Levels/LevelTwoContents/Sunset_Background.uasset" 772
"C:/Users/grego/Documents/Unreal Projects/VGPFinal/Content/Levels/LevelTwoContents/Sunset_Background.uexp" 773
"C:/Users/grego/Documents/Unreal Projects/VGPFinal/Content/Levels/LevelTwoContents/Sunset_Background_Sprite.uasset" 774
"C:/Users/grego/Documents/Unreal Projects/VGPFinal/Content/Levels/LevelTwoContents/Sunset_Background_Sprite.uexp" 775
"C:/Users/grego/Documents/Unreal Projects/VGPFinal/Content/Levels/LevelThreeContents/Platforms3_Sprite_Sheet.uasset" 776
"C:/Users/grego/Documents/Unreal Projects/VGPFinal/Content/Levels/LevelThreeContents/Platforms3_Sprite_Sheet.uexp" 777
"C:/Users/grego/Documents/Unreal Projects/VGPFinal/Content/Levels/LevelThreeContents/Platforms3_TileSet.uasset" 778
"C:/Users/grego/Documents/Unreal Projects/VGPFinal/Content/Levels/LevelThreeContents/Platforms3_TileSet.uexp" 779
"C:/Users/grego/Documents/Unreal Projects/VGPFinal/Content/Levels/LevelTwoContents/LevelTwo_TileMap5.uasset" 780
"C:/Users/grego/Documents/Unreal Projects/VGPFinal/Content/Levels/LevelTwoContents/LevelTwo_TileMap5.uexp" 781
"C:/Users/grego/Documents/Unreal Projects/VGPFinal/Content/Levels/LevelTwoContents/Platforms3_Sprite_Sheet.uasset" 782
"C:/Users/grego/Documents/Unreal Projects/VGPFinal/Content/Levels/LevelTwoContents/Platforms3_Sprite_Sheet.uexp" 783
"C:/Users/grego/Documents/Unreal Projects/VGPFinal/Content/Levels/LevelTwoContents/Platforms3_TileSet.uasset" 784
"C:/Users/grego/Documents/Unreal Projects/VGPFinal/Content/Levels/LevelTwoContents/Platforms3_TileSet.uexp" 785
"C:/Users/grego/Documents/Unreal Projects/VGPFinal/Content/Levels/LevelTwoContents/Platforms2_Sprite_Sheet.uasset" 786
"C:/Users/grego/Documents/Unreal Projects/VGPFinal/Content/Levels/LevelTwoContents/Platforms2_Sprite_Sheet.uexp" 787
"C:/Users/grego/Documents/Unreal Projects/VGPFinal/Content/Levels/LevelTwoContents/Platforms2_TileSet.uasset" 788
"C:/Users/grego/Documents/Unreal Projects/VGPFinal/Content/Levels/LevelTwoContents/Platforms2_TileSet.uexp" 789
"C:/Users/grego/Documents/Unreal Projects/VGPFinal/Content/Levels/LevelTwoContents/LevelTwo_TileMap4.uasset" 790
"C:/Users/grego/Documents/Unreal Projects/VGPFinal/Content/Levels/LevelTwoContents/LevelTwo_TileMap4.uexp" 791
"C:/Users/grego/Documents/Unreal Projects/VGPFinal/Content/Levels/LevelTwoContents/Platforms1_Sprite_Sheet.uasset" 792
"C:/Users/grego/Documents/Unreal Projects/VGPFinal/Content/Levels/LevelTwoContents/Platforms1_Sprite_Sheet.uexp" 793
"C:/Users/grego/Documents/Unreal Projects/VGPFinal/Content/Levels/LevelTwoContents/Platforms1_TileSet.uasset" 794
"C:/Users/grego/Documents/Unreal Projects/VGPFinal/Content/Levels/LevelTwoContents/Platforms1_TileSet.uexp" 795
"C:/Users/grego/Documents/Unreal Projects/VGPFinal/Content/Levels/LevelTwoContents/LevelTwo_TileMap3.uasset" 796
"C:/Users/grego/Documents/Unreal Projects/VGPFinal/Content/Levels/LevelTwoContents/LevelTwo_TileMap3.uexp" 797
"C:/Users/grego/Documents/Unreal Projects/VGPFinal/Content/Levels/LevelTwoContents/LevelTwo_TileMap2.uasset" 798
"C:/Users/grego/Documents/Unreal Projects/VGPFinal/Content/Levels/LevelTwoContents/LevelTwo_TileMap2.uexp" 799
"C:/Users/grego/Documents/Unreal Projects/VGPFinal/Content/Levels/LevelTwoContents/LevelTwo_TileMap1.uasset" 800
"C:/Users/grego/Documents/Unreal Projects/VGPFinal/Content/Levels/LevelTwoContents/LevelTwo_TileMap1.uexp" 801
"C:/Users/grego/Documents/Unreal Projects/VGPFinal/Content/Blueprints/Damages_Blueprints/HealthDrop_Ice_Crystal_Instakill.uasset" 802
"C:/Users/grego/Documents/Unreal Projects/VGPFinal/Content/Blueprints/Damages_Blueprints/HealthDrop_Ice_Crystal_Instakill.uexp" 803
"C:/Users/grego/Documents/Unreal Projects/VGPFinal/Content/Blueprints/Damages_Blueprints/HealthDrop_Ice_Crystal_Destroy.uasset" 804
"C:/Users/grego/Documents/Unreal Projects/VGPFinal/Content/Blueprints/Damages_Blueprints/HealthDrop_Ice_Crystal_Destroy.uexp" 805
"C:/Users/grego/Documents/Unreal Projects/VGPFinal/Content/Levels/LevelTwo.uexp" 806
"C:/Users/grego/Documents/Unreal Projects/VGPFinal/Content/Levels/LevelTwo.umap" 807
"C:/Users/grego/Documents/Unreal Projects/VGPFinal/Content/Widget_Graphics/Start_Button_Selected.uasset" 808
"C:/Users/grego/Documents/Unreal Projects/VGPFinal/Content/Widget_Graphics/Start_Button_Selected.uexp" 809
"C:/Users/grego/Documents/Unreal Projects/VGPFinal/Content/Widget_Graphics/Start_Button_Neutral.uasset" 810
"C:/Users/grego/Documents/Unreal Projects/VGPFinal/Content/Widget_Graphics/Start_Button_Neutral.uexp" 811
"C:/Users/grego/Documents/Unreal Projects/VGPFinal/Content/Widget_Graphics/Start_Button_Hovered.uasset" 812
"C:/Users/grego/Documents/Unreal Projects/VGPFinal/Content/Widget_Graphics/Start_Button_Hovered.uexp" 813
"C:/Users/grego/Documents/Unreal Projects/VGPFinal/Content/Widget_Graphics/Main_Menu_Screen.uasset" 814
"C:/Users/grego/Documents/Unreal Projects/VGPFinal/Content/Widget_Graphics/Main_Menu_Screen.uexp" 815
"C:/Users/grego/Documents/Unreal Projects/VGPFinal/Content/Widget_Graphics/How_To_Play_Screen.uasset" 816
"C:/Users/grego/Documents/Unreal Projects/VGPFinal/Content/Widget_Graphics/How_To_Play_Screen.uexp" 817
"C:/Users/grego/Documents/Unreal Projects/VGPFinal/Content/Widget_Graphics/How_To_Play_Button_Selected.uasset" 818
"C:/Users/grego/Documents/Unreal Projects/VGPFinal/Content/Widget_Graphics/How_To_Play_Button_Selected.uexp" 819
"C:/Users/grego/Documents/Unreal Projects/VGPFinal/Content/Widget_Graphics/How_To_Play_Button_Neutral.uasset" 820
"C:/Users/grego/Documents/Unreal Projects/VGPFinal/Content/Widget_Graphics/How_To_Play_Button_Neutral.uexp" 821
"C:/Users/grego/Documents/Unreal Projects/VGPFinal/Content/Widget_Graphics/How_To_Play_Button_Hovered.uasset" 822
"C:/Users/grego/Documents/Unreal Projects/VGPFinal/Content/Widget_Graphics/How_To_Play_Button_Hovered.uexp" 823
"C:/Users/grego/Documents/Unreal Projects/VGPFinal/Content/Blueprints/MainMenuScreen.uasset" 824
"C:/Users/grego/Documents/Unreal Projects/VGPFinal/Content/Blueprints/MainMenuScreen.uexp" 825
"C:/Users/grego/Documents/Unreal Projects/VGPFinal/Content/Levels/MainMenu.uexp" 826
"C:/Users/grego/Documents/Unreal Projects/VGPFinal/Content/Levels/MainMenu.umap" 827
"../../../Engine/Content/Maps/Entry_BuiltData.uasset" 828
"../../../Engine/Content/Maps/Entry_BuiltData.uexp" 829
"../../../Engine/Content/Maps/Entry.uexp" 830
"../../../Engine/Content/Maps/Entry.umap" 831
